<?xml version="1.0" encoding="utf-8"?>
<CoverageSession xmlns:xsd="http://www.w3.org/2001/XMLSchema" xmlns:xsi="http://www.w3.org/2001/XMLSchema-instance">
  <Summary numSequencePoints="1207" visitedSequencePoints="1034" numBranchPoints="379" visitedBranchPoints="321" sequenceCoverage="85.67" branchCoverage="84.70" maxCyclomaticComplexity="9" minCyclomaticComplexity="1" visitedClasses="63" numClasses="63" visitedMethods="226" numMethods="265" />
  <Modules>
    <Module skippedDueTo="Filter" hash="D8-53-B0-07-8D-F9-9A-13-7D-98-00-E6-F2-C4-C4-74-70-5D-80-7A">
      <ModulePath>C:\Windows\Microsoft.Net\assembly\GAC_64\mscorlib\v4.0_4.0.0.0__b77a5c561934e089\mscorlib.dll</ModulePath>
      <ModuleTime>2018-09-24T13:34:28.3136172Z</ModuleTime>
      <ModuleName>mscorlib</ModuleName>
      <Classes />
    </Module>
    <Module skippedDueTo="MissingPdb" hash="C3-AA-1C-1C-8E-82-1A-33-B0-D2-15-D7-67-2F-0B-23-E3-D3-35-BD">
      <ModulePath>C:\Users\Administrator\Desktop\Final\FSE_SBA_ProjectManager\SourceCode\server\ProjectManager\packages\NUnit.ConsoleRunner.3.10.0\tools\nunit3-console.exe</ModulePath>
      <ModuleTime>2019-05-15T06:16:54Z</ModuleTime>
      <ModuleName>nunit3-console</ModuleName>
      <Classes />
    </Module>
    <Module skippedDueTo="Filter" hash="EE-77-8B-34-FE-47-61-EA-AD-62-7D-B3-79-79-9C-B7-64-F3-12-03">
      <ModulePath>C:\Windows\Microsoft.Net\assembly\GAC_MSIL\System\v4.0_4.0.0.0__b77a5c561934e089\System.dll</ModulePath>
      <ModuleTime>2018-09-24T13:34:33.2354888Z</ModuleTime>
      <ModuleName>System</ModuleName>
      <Classes />
    </Module>
    <Module skippedDueTo="MissingPdb" hash="56-19-46-EE-B2-F2-BE-59-B4-C3-2F-4A-6E-93-59-8A-52-CC-E1-25">
      <ModulePath>C:\Users\Administrator\Desktop\Final\FSE_SBA_ProjectManager\SourceCode\server\ProjectManager\packages\NUnit.ConsoleRunner.3.10.0\tools\nunit.engine.api.dll</ModulePath>
      <ModuleTime>2019-05-15T06:16:54Z</ModuleTime>
      <ModuleName>nunit.engine.api</ModuleName>
      <Classes />
    </Module>
    <Module skippedDueTo="MissingPdb" hash="F3-B1-83-1B-09-4C-8B-4B-4D-F1-AE-22-3B-BF-1C-83-85-41-B0-4C">
      <ModulePath>C:\Users\Administrator\Desktop\Final\FSE_SBA_ProjectManager\SourceCode\server\ProjectManager\packages\NUnit.ConsoleRunner.3.10.0\tools\nunit.engine.dll</ModulePath>
      <ModuleTime>2019-05-15T06:16:54Z</ModuleTime>
      <ModuleName>nunit.engine</ModuleName>
      <Classes />
    </Module>
    <Module skippedDueTo="MissingPdb" hash="F3-B1-83-1B-09-4C-8B-4B-4D-F1-AE-22-3B-BF-1C-83-85-41-B0-4C">
      <ModulePath>C:\Users\Administrator\Desktop\Final\FSE_SBA_ProjectManager\SourceCode\server\ProjectManager\packages\NUnit.ConsoleRunner.3.10.0\tools\nunit.engine.dll</ModulePath>
      <ModuleTime>2019-05-15T06:16:54Z</ModuleTime>
      <ModuleName>nunit.engine</ModuleName>
      <Classes />
    </Module>
    <Module skippedDueTo="Filter" hash="F7-E9-75-D6-35-98-70-4A-0F-45-76-1B-B3-83-70-38-5E-DF-02-47">
      <ModulePath>C:\Windows\Microsoft.Net\assembly\GAC_MSIL\System.Xml\v4.0_4.0.0.0__b77a5c561934e089\System.Xml.dll</ModulePath>
      <ModuleTime>2018-09-24T13:34:29.0792401Z</ModuleTime>
      <ModuleName>System.Xml</ModuleName>
      <Classes />
    </Module>
    <Module skippedDueTo="Filter" hash="F3-16-D4-5E-C5-50-B3-22-7B-4E-24-71-CD-D2-35-E6-9C-74-2B-E4">
      <ModulePath>C:\Windows\Microsoft.Net\assembly\GAC_64\System.Web\v4.0_4.0.0.0__b03f5f7f11d50a3a\System.Web.dll</ModulePath>
      <ModuleTime>2018-09-24T13:34:28.7354896Z</ModuleTime>
      <ModuleName>System.Web</ModuleName>
      <Classes />
    </Module>
    <Module skippedDueTo="MissingPdb" hash="8A-2E-8F-D6-9D-39-02-4A-2F-30-FC-06-42-F7-0F-A8-32-69-07-72">
      <ModulePath>C:\Users\Administrator\Desktop\Final\FSE_SBA_ProjectManager\SourceCode\server\ProjectManager\packages\NUnit.ConsoleRunner.3.10.0\tools\Mono.Cecil.dll</ModulePath>
      <ModuleTime>2019-05-15T06:16:54Z</ModuleTime>
      <ModuleName>Mono.Cecil</ModuleName>
      <Classes />
    </Module>
    <Module skippedDueTo="Filter" hash="0F-6F-F3-F5-1C-3A-A7-26-E2-D9-16-C9-A4-9C-AD-C3-B6-CA-24-A2">
      <ModulePath>C:\Windows\Microsoft.Net\assembly\GAC_MSIL\System.Runtime.Remoting\v4.0_4.0.0.0__b77a5c561934e089\System.Runtime.Remoting.dll</ModulePath>
      <ModuleTime>2018-09-24T13:34:28.5948645Z</ModuleTime>
      <ModuleName>System.Runtime.Remoting</ModuleName>
      <Classes />
    </Module>
    <Module skippedDueTo="Filter" hash="9C-DB-95-DC-25-D5-38-7E-C2-3A-20-8F-14-5D-A9-56-2A-D7-00-E3">
      <ModulePath>C:\Windows\Microsoft.Net\assembly\GAC_MSIL\System.Configuration\v4.0_4.0.0.0__b03f5f7f11d50a3a\System.Configuration.dll</ModulePath>
      <ModuleTime>2018-09-24T13:34:28.5011164Z</ModuleTime>
      <ModuleName>System.Configuration</ModuleName>
      <Classes />
    </Module>
    <Module skippedDueTo="Filter" hash="D8-53-B0-07-8D-F9-9A-13-7D-98-00-E6-F2-C4-C4-74-70-5D-80-7A">
      <ModulePath>C:\Windows\Microsoft.Net\assembly\GAC_64\mscorlib\v4.0_4.0.0.0__b77a5c561934e089\mscorlib.dll</ModulePath>
      <ModuleTime>2018-09-24T13:34:28.3136172Z</ModuleTime>
      <ModuleName>mscorlib</ModuleName>
      <Classes />
    </Module>
    <Module skippedDueTo="MissingPdb" hash="DD-03-C0-F6-30-61-DA-66-3E-7C-57-4F-A1-08-5C-81-F5-6E-EF-AA">
      <ModulePath>C:\Users\Administrator\Desktop\Final\FSE_SBA_ProjectManager\SourceCode\server\ProjectManager\packages\NUnit.ConsoleRunner.3.10.0\tools\nunit-agent.exe</ModulePath>
      <ModuleTime>2019-05-15T06:16:54Z</ModuleTime>
      <ModuleName>nunit-agent</ModuleName>
      <Classes />
    </Module>
    <Module skippedDueTo="MissingPdb" hash="56-19-46-EE-B2-F2-BE-59-B4-C3-2F-4A-6E-93-59-8A-52-CC-E1-25">
      <ModulePath>C:\Users\Administrator\Desktop\Final\FSE_SBA_ProjectManager\SourceCode\server\ProjectManager\packages\NUnit.ConsoleRunner.3.10.0\tools\nunit.engine.api.dll</ModulePath>
      <ModuleTime>2019-05-15T06:16:54Z</ModuleTime>
      <ModuleName>nunit.engine.api</ModuleName>
      <Classes />
    </Module>
    <Module skippedDueTo="Filter" hash="EE-77-8B-34-FE-47-61-EA-AD-62-7D-B3-79-79-9C-B7-64-F3-12-03">
      <ModulePath>C:\Windows\Microsoft.Net\assembly\GAC_MSIL\System\v4.0_4.0.0.0__b77a5c561934e089\System.dll</ModulePath>
      <ModuleTime>2018-09-24T13:34:33.2354888Z</ModuleTime>
      <ModuleName>System</ModuleName>
      <Classes />
    </Module>
    <Module skippedDueTo="MissingPdb" hash="F3-B1-83-1B-09-4C-8B-4B-4D-F1-AE-22-3B-BF-1C-83-85-41-B0-4C">
      <ModulePath>C:\Users\Administrator\Desktop\Final\FSE_SBA_ProjectManager\SourceCode\server\ProjectManager\packages\NUnit.ConsoleRunner.3.10.0\tools\nunit.engine.dll</ModulePath>
      <ModuleTime>2019-05-15T06:16:54Z</ModuleTime>
      <ModuleName>nunit.engine</ModuleName>
      <Classes />
    </Module>
    <Module skippedDueTo="Filter" hash="F7-E9-75-D6-35-98-70-4A-0F-45-76-1B-B3-83-70-38-5E-DF-02-47">
      <ModulePath>C:\Windows\Microsoft.Net\assembly\GAC_MSIL\System.Xml\v4.0_4.0.0.0__b77a5c561934e089\System.Xml.dll</ModulePath>
      <ModuleTime>2018-09-24T13:34:29.0792401Z</ModuleTime>
      <ModuleName>System.Xml</ModuleName>
      <Classes />
    </Module>
    <Module skippedDueTo="Filter" hash="F3-16-D4-5E-C5-50-B3-22-7B-4E-24-71-CD-D2-35-E6-9C-74-2B-E4">
      <ModulePath>C:\Windows\Microsoft.Net\assembly\GAC_64\System.Web\v4.0_4.0.0.0__b03f5f7f11d50a3a\System.Web.dll</ModulePath>
      <ModuleTime>2018-09-24T13:34:28.7354896Z</ModuleTime>
      <ModuleName>System.Web</ModuleName>
      <Classes />
    </Module>
    <Module skippedDueTo="MissingPdb" hash="8A-2E-8F-D6-9D-39-02-4A-2F-30-FC-06-42-F7-0F-A8-32-69-07-72">
      <ModulePath>C:\Users\Administrator\Desktop\Final\FSE_SBA_ProjectManager\SourceCode\server\ProjectManager\packages\NUnit.ConsoleRunner.3.10.0\tools\Mono.Cecil.dll</ModulePath>
      <ModuleTime>2019-05-15T06:16:54Z</ModuleTime>
      <ModuleName>Mono.Cecil</ModuleName>
      <Classes />
    </Module>
    <Module skippedDueTo="Filter" hash="0F-6F-F3-F5-1C-3A-A7-26-E2-D9-16-C9-A4-9C-AD-C3-B6-CA-24-A2">
      <ModulePath>C:\Windows\Microsoft.Net\assembly\GAC_MSIL\System.Runtime.Remoting\v4.0_4.0.0.0__b77a5c561934e089\System.Runtime.Remoting.dll</ModulePath>
      <ModuleTime>2018-09-24T13:34:28.5948645Z</ModuleTime>
      <ModuleName>System.Runtime.Remoting</ModuleName>
      <Classes />
    </Module>
    <Module skippedDueTo="Filter" hash="9C-DB-95-DC-25-D5-38-7E-C2-3A-20-8F-14-5D-A9-56-2A-D7-00-E3">
      <ModulePath>C:\Windows\Microsoft.Net\assembly\GAC_MSIL\System.Configuration\v4.0_4.0.0.0__b03f5f7f11d50a3a\System.Configuration.dll</ModulePath>
      <ModuleTime>2018-09-24T13:34:28.5011164Z</ModuleTime>
      <ModuleName>System.Configuration</ModuleName>
      <Classes />
    </Module>
    <Module skippedDueTo="Filter" hash="EE-92-34-AE-A6-A6-A8-2E-8A-34-A1-E4-20-3D-2A-23-C5-9D-D8-D2">
      <ModulePath>C:\Users\Administrator\Desktop\Final\FSE_SBA_ProjectManager\SourceCode\server\ProjectManager\ProjectManager.Tests\bin\Debug\nunit.framework.dll</ModulePath>
      <ModuleTime>2019-05-15T06:16:54Z</ModuleTime>
      <ModuleName>nunit.framework</ModuleName>
      <Classes />
    </Module>
    <Module skippedDueTo="Filter" hash="EE-77-8B-34-FE-47-61-EA-AD-62-7D-B3-79-79-9C-B7-64-F3-12-03">
      <ModulePath>C:\Windows\Microsoft.Net\assembly\GAC_MSIL\System\v4.0_4.0.0.0__b77a5c561934e089\System.dll</ModulePath>
      <ModuleTime>2018-09-24T13:34:33.2354888Z</ModuleTime>
      <ModuleName>System</ModuleName>
      <Classes />
    </Module>
    <Module skippedDueTo="Filter" hash="31-76-6A-81-5B-45-2B-B2-02-8C-E4-69-D2-C3-8F-87-B1-54-25-E8">
      <ModulePath>C:\Windows\Microsoft.Net\assembly\GAC_MSIL\System.Core\v4.0_4.0.0.0__b77a5c561934e089\System.Core.dll</ModulePath>
      <ModuleTime>2018-09-24T13:34:28.5323649Z</ModuleTime>
      <ModuleName>System.Core</ModuleName>
      <Classes />
    </Module>
    <Module skippedDueTo="Filter" hash="F3-16-D4-5E-C5-50-B3-22-7B-4E-24-71-CD-D2-35-E6-9C-74-2B-E4">
      <ModulePath>C:\Windows\Microsoft.Net\assembly\GAC_64\System.Web\v4.0_4.0.0.0__b03f5f7f11d50a3a\System.Web.dll</ModulePath>
      <ModuleTime>2018-09-24T13:34:28.7354896Z</ModuleTime>
      <ModuleName>System.Web</ModuleName>
      <Classes />
    </Module>
    <Module hash="EF-CA-CA-0D-CC-4C-BC-25-E0-99-5E-3D-97-2C-5A-3A-3B-AF-D7-DB">
      <Summary numSequencePoints="710" visitedSequencePoints="645" numBranchPoints="117" visitedBranchPoints="107" sequenceCoverage="90.85" branchCoverage="91.45" maxCyclomaticComplexity="1" minCyclomaticComplexity="1" visitedClasses="47" numClasses="47" visitedMethods="107" numMethods="117" />
      <ModulePath>C:\Users\Administrator\Desktop\Final\FSE_SBA_ProjectManager\SourceCode\server\ProjectManager\ProjectManager.Tests\bin\Debug\ProjectManager.Tests.dll</ModulePath>
      <ModuleTime>2019-05-22T13:06:36.5233237Z</ModuleTime>
      <ModuleName>ProjectManager.Tests</ModuleName>
      <Files>
        <File uid="1" fullPath="C:\Users\Administrator\Desktop\Final\FSE_SBA_ProjectManager\SourceCode\server\ProjectManager\ProjectManager.Tests\ProjectControllerTest.cs" />
        <File uid="17" fullPath="C:\Users\Administrator\Desktop\Final\FSE_SBA_ProjectManager\SourceCode\server\ProjectManager\ProjectManager.Tests\TaskControllerTest.cs" />
        <File uid="31" fullPath="C:\Users\Administrator\Desktop\Final\FSE_SBA_ProjectManager\SourceCode\server\ProjectManager\ProjectManager.Tests\TestDbSet.cs" />
        <File uid="32" fullPath="C:\Users\Administrator\Desktop\Final\FSE_SBA_ProjectManager\SourceCode\server\ProjectManager\ProjectManager.Tests\UserControllerTest.cs" />
      </Files>
      <Classes>
        <Class>
          <Summary numSequencePoints="0" visitedSequencePoints="0" numBranchPoints="0" visitedBranchPoints="0" sequenceCoverage="0" branchCoverage="0" maxCyclomaticComplexity="0" minCyclomaticComplexity="0" visitedClasses="0" numClasses="0" visitedMethods="0" numMethods="0" />
          <FullName>&lt;Module&gt;</FullName>
          <Methods />
        </Class>
        <Class>
          <Summary numSequencePoints="199" visitedSequencePoints="176" numBranchPoints="19" visitedBranchPoints="17" sequenceCoverage="88.44" branchCoverage="89.47" maxCyclomaticComplexity="1" minCyclomaticComplexity="1" visitedClasses="1" numClasses="1" visitedMethods="17" numMethods="19" />
          <FullName>ProjectManager.Test.ProjectControllerTest</FullName>
          <Methods>
            <Method visited="false" cyclomaticComplexity="1" nPathComplexity="0" sequenceCoverage="0" branchCoverage="0" isConstructor="false" isStatic="false" isGetter="false" isSetter="false">
              <Summary numSequencePoints="12" visitedSequencePoints="0" numBranchPoints="1" visitedBranchPoints="0" sequenceCoverage="0" branchCoverage="0" maxCyclomaticComplexity="1" minCyclomaticComplexity="1" visitedClasses="0" numClasses="0" visitedMethods="0" numMethods="1" />
              <MetadataToken>100663297</MetadataToken>
              <Name>System.Void ProjectManager.Test.ProjectControllerTest::TestGetProjects_Success()</Name>
              <FileRef uid="1" />
              <SequencePoints>
                <SequencePoint vc="0" uspid="1" ordinal="0" offset="0" sl="19" sc="9" el="19" ec="10" bec="0" bev="0" fileid="1" />
                <SequencePoint vc="0" uspid="2" ordinal="1" offset="1" sl="20" sc="13" el="20" ec="60" bec="0" bev="0" fileid="1" />
                <SequencePoint vc="0" uspid="3" ordinal="2" offset="7" sl="21" sc="13" el="21" ec="57" bec="0" bev="0" fileid="1" />
                <SequencePoint vc="0" uspid="4" ordinal="3" offset="13" sl="22" sc="13" el="29" ec="16" bec="0" bev="0" fileid="1" />
                <SequencePoint vc="0" uspid="5" ordinal="4" offset="114" sl="30" sc="13" el="37" ec="16" bec="0" bev="0" fileid="1" />
                <SequencePoint vc="0" uspid="6" ordinal="5" offset="215" sl="38" sc="13" el="38" ec="41" bec="0" bev="0" fileid="1" />
                <SequencePoint vc="0" uspid="7" ordinal="6" offset="223" sl="40" sc="13" el="40" ec="79" bec="0" bev="0" fileid="1" />
                <SequencePoint vc="0" uspid="8" ordinal="7" offset="235" sl="41" sc="13" el="41" ec="73" bec="0" bev="0" fileid="1" />
                <SequencePoint vc="0" uspid="9" ordinal="8" offset="242" sl="43" sc="13" el="43" ec="38" bec="0" bev="0" fileid="1" />
                <SequencePoint vc="0" uspid="10" ordinal="9" offset="249" sl="44" sc="13" el="44" ec="68" bec="0" bev="0" fileid="1" />
                <SequencePoint vc="0" uspid="11" ordinal="10" offset="271" sl="45" sc="13" el="45" ec="70" bec="0" bev="0" fileid="1" />
                <SequencePoint vc="0" uspid="12" ordinal="11" offset="304" sl="46" sc="9" el="46" ec="10" bec="0" bev="0" fileid="1" />
              </SequencePoints>
              <BranchPoints />
              <MethodPoint xsi:type="SequencePoint" vc="0" uspid="1" ordinal="0" offset="0" sl="19" sc="9" el="19" ec="10" bec="0" bev="0" fileid="1" />
            </Method>
            <Method visited="false" cyclomaticComplexity="1" nPathComplexity="0" sequenceCoverage="0" branchCoverage="0" isConstructor="false" isStatic="false" isGetter="false" isSetter="false">
              <Summary numSequencePoints="11" visitedSequencePoints="0" numBranchPoints="1" visitedBranchPoints="0" sequenceCoverage="0" branchCoverage="0" maxCyclomaticComplexity="1" minCyclomaticComplexity="1" visitedClasses="0" numClasses="0" visitedMethods="0" numMethods="1" />
              <MetadataToken>100663298</MetadataToken>
              <Name>System.Void ProjectManager.Test.ProjectControllerTest::TestInsertProjects_Success()</Name>
              <FileRef uid="1" />
              <SequencePoints>
                <SequencePoint vc="0" uspid="13" ordinal="0" offset="0" sl="50" sc="9" el="50" ec="10" bec="0" bev="0" fileid="1" />
                <SequencePoint vc="0" uspid="14" ordinal="1" offset="1" sl="51" sc="13" el="51" ec="60" bec="0" bev="0" fileid="1" />
                <SequencePoint vc="0" uspid="15" ordinal="2" offset="7" sl="52" sc="13" el="52" ec="51" bec="0" bev="0" fileid="1" />
                <SequencePoint vc="0" uspid="16" ordinal="3" offset="13" sl="53" sc="13" el="60" ec="16" bec="0" bev="0" fileid="1" />
                <SequencePoint vc="0" uspid="17" ordinal="4" offset="84" sl="61" sc="13" el="61" ec="35" bec="0" bev="0" fileid="1" />
                <SequencePoint vc="0" uspid="18" ordinal="5" offset="92" sl="62" sc="13" el="78" ec="15" bec="0" bev="0" fileid="1" />
                <SequencePoint vc="0" uspid="19" ordinal="6" offset="260" sl="79" sc="13" el="79" ec="79" bec="0" bev="0" fileid="1" />
                <SequencePoint vc="0" uspid="20" ordinal="7" offset="272" sl="80" sc="13" el="80" ec="88" bec="0" bev="0" fileid="1" />
                <SequencePoint vc="0" uspid="21" ordinal="8" offset="281" sl="82" sc="13" el="82" ec="38" bec="0" bev="0" fileid="1" />
                <SequencePoint vc="0" uspid="22" ordinal="9" offset="289" sl="83" sc="13" el="83" ec="67" bec="0" bev="0" fileid="1" />
                <SequencePoint vc="0" uspid="23" ordinal="10" offset="322" sl="84" sc="9" el="84" ec="10" bec="0" bev="0" fileid="1" />
              </SequencePoints>
              <BranchPoints />
              <MethodPoint xsi:type="SequencePoint" vc="0" uspid="13" ordinal="0" offset="0" sl="50" sc="9" el="50" ec="10" bec="0" bev="0" fileid="1" />
            </Method>
            <Method visited="true" cyclomaticComplexity="1" nPathComplexity="0" sequenceCoverage="100" branchCoverage="100" isConstructor="false" isStatic="false" isGetter="false" isSetter="false">
              <Summary numSequencePoints="14" visitedSequencePoints="14" numBranchPoints="1" visitedBranchPoints="1" sequenceCoverage="100" branchCoverage="100" maxCyclomaticComplexity="1" minCyclomaticComplexity="1" visitedClasses="0" numClasses="0" visitedMethods="1" numMethods="1" />
              <MetadataToken>100663299</MetadataToken>
              <Name>System.Void ProjectManager.Test.ProjectControllerTest::TestUpdateProjects_Success()</Name>
              <FileRef uid="1" />
              <SequencePoints>
                <SequencePoint vc="1" uspid="24" ordinal="0" offset="0" sl="88" sc="9" el="88" ec="10" bec="0" bev="0" fileid="1" />
                <SequencePoint vc="1" uspid="25" ordinal="1" offset="1" sl="89" sc="13" el="89" ec="60" bec="0" bev="0" fileid="1" />
                <SequencePoint vc="1" uspid="26" ordinal="2" offset="7" sl="90" sc="13" el="90" ec="57" bec="0" bev="0" fileid="1" />
                <SequencePoint vc="1" uspid="27" ordinal="3" offset="13" sl="91" sc="13" el="91" ec="51" bec="0" bev="0" fileid="1" />
                <SequencePoint vc="1" uspid="28" ordinal="4" offset="19" sl="92" sc="13" el="100" ec="16" bec="0" bev="0" fileid="1" />
                <SequencePoint vc="1" uspid="29" ordinal="5" offset="119" sl="101" sc="13" el="108" ec="16" bec="0" bev="0" fileid="1" />
                <SequencePoint vc="1" uspid="30" ordinal="6" offset="217" sl="109" sc="13" el="109" ec="41" bec="0" bev="0" fileid="1" />
                <SequencePoint vc="1" uspid="31" ordinal="7" offset="225" sl="110" sc="13" el="110" ec="35" bec="0" bev="0" fileid="1" />
                <SequencePoint vc="1" uspid="32" ordinal="8" offset="233" sl="111" sc="13" el="128" ec="15" bec="0" bev="0" fileid="1" />
                <SequencePoint vc="1" uspid="33" ordinal="9" offset="419" sl="130" sc="13" el="130" ec="79" bec="0" bev="0" fileid="1" />
                <SequencePoint vc="1" uspid="34" ordinal="10" offset="432" sl="131" sc="13" el="131" ec="88" bec="0" bev="0" fileid="1" />
                <SequencePoint vc="1" uspid="35" ordinal="11" offset="442" sl="133" sc="13" el="133" ec="38" bec="0" bev="0" fileid="1" />
                <SequencePoint vc="1" uspid="36" ordinal="12" offset="450" sl="134" sc="13" el="134" ec="96" bec="0" bev="0" fileid="1" />
                <SequencePoint vc="1" uspid="37" ordinal="13" offset="488" sl="135" sc="9" el="135" ec="10" bec="0" bev="0" fileid="1" />
              </SequencePoints>
              <BranchPoints />
              <MethodPoint xsi:type="SequencePoint" vc="1" uspid="24" ordinal="0" offset="0" sl="88" sc="9" el="88" ec="10" bec="0" bev="0" fileid="1" />
            </Method>
            <Method visited="true" cyclomaticComplexity="1" nPathComplexity="0" sequenceCoverage="100" branchCoverage="100" isConstructor="false" isStatic="false" isGetter="false" isSetter="false">
              <Summary numSequencePoints="12" visitedSequencePoints="12" numBranchPoints="1" visitedBranchPoints="1" sequenceCoverage="100" branchCoverage="100" maxCyclomaticComplexity="1" minCyclomaticComplexity="1" visitedClasses="0" numClasses="0" visitedMethods="1" numMethods="1" />
              <MetadataToken>100663300</MetadataToken>
              <Name>System.Void ProjectManager.Test.ProjectControllerTest::TestDeleteProjects_Success()</Name>
              <FileRef uid="1" />
              <SequencePoints>
                <SequencePoint vc="1" uspid="38" ordinal="0" offset="0" sl="139" sc="9" el="139" ec="10" bec="0" bev="0" fileid="1" />
                <SequencePoint vc="1" uspid="39" ordinal="1" offset="1" sl="140" sc="13" el="140" ec="60" bec="0" bev="0" fileid="1" />
                <SequencePoint vc="1" uspid="40" ordinal="2" offset="7" sl="141" sc="13" el="141" ec="57" bec="0" bev="0" fileid="1" />
                <SequencePoint vc="1" uspid="41" ordinal="3" offset="13" sl="142" sc="13" el="149" ec="16" bec="0" bev="0" fileid="1" />
                <SequencePoint vc="1" uspid="42" ordinal="4" offset="111" sl="150" sc="13" el="157" ec="16" bec="0" bev="0" fileid="1" />
                <SequencePoint vc="1" uspid="43" ordinal="5" offset="212" sl="158" sc="13" el="158" ec="41" bec="0" bev="0" fileid="1" />
                <SequencePoint vc="1" uspid="44" ordinal="6" offset="220" sl="159" sc="13" el="159" ec="79" bec="0" bev="0" fileid="1" />
                <SequencePoint vc="1" uspid="45" ordinal="7" offset="232" sl="161" sc="13" el="178" ec="15" bec="0" bev="0" fileid="1" />
                <SequencePoint vc="1" uspid="46" ordinal="8" offset="415" sl="180" sc="13" el="180" ec="88" bec="0" bev="0" fileid="1" />
                <SequencePoint vc="1" uspid="47" ordinal="9" offset="424" sl="181" sc="13" el="181" ec="38" bec="0" bev="0" fileid="1" />
                <SequencePoint vc="1" uspid="48" ordinal="10" offset="432" sl="182" sc="13" el="182" ec="62" bec="0" bev="0" fileid="1" />
                <SequencePoint vc="1" uspid="49" ordinal="11" offset="465" sl="183" sc="9" el="183" ec="10" bec="0" bev="0" fileid="1" />
              </SequencePoints>
              <BranchPoints />
              <MethodPoint xsi:type="SequencePoint" vc="1" uspid="38" ordinal="0" offset="0" sl="139" sc="9" el="139" ec="10" bec="0" bev="0" fileid="1" />
            </Method>
            <Method visited="true" cyclomaticComplexity="1" nPathComplexity="0" sequenceCoverage="100" branchCoverage="100" isConstructor="false" isStatic="false" isGetter="false" isSetter="false">
              <Summary numSequencePoints="10" visitedSequencePoints="10" numBranchPoints="1" visitedBranchPoints="1" sequenceCoverage="100" branchCoverage="100" maxCyclomaticComplexity="1" minCyclomaticComplexity="1" visitedClasses="0" numClasses="0" visitedMethods="1" numMethods="1" />
              <MetadataToken>100663301</MetadataToken>
              <Name>System.Void ProjectManager.Test.ProjectControllerTest::TestInsertProject_NoProjectAsParameter()</Name>
              <FileRef uid="1" />
              <SequencePoints>
                <SequencePoint vc="1" uspid="50" ordinal="0" offset="6" sl="187" sc="9" el="187" ec="10" bec="0" bev="0" fileid="1" />
                <SequencePoint vc="1" uspid="51" ordinal="1" offset="7" sl="188" sc="13" el="188" ec="60" bec="0" bev="0" fileid="1" />
                <SequencePoint vc="1" uspid="52" ordinal="2" offset="13" sl="189" sc="13" el="189" ec="51" bec="0" bev="0" fileid="1" />
                <SequencePoint vc="1" uspid="53" ordinal="3" offset="19" sl="190" sc="13" el="197" ec="16" bec="0" bev="0" fileid="1" />
                <SequencePoint vc="1" uspid="54" ordinal="4" offset="90" sl="198" sc="13" el="198" ec="35" bec="0" bev="0" fileid="1" />
                <SequencePoint vc="1" uspid="55" ordinal="5" offset="98" sl="199" sc="13" el="199" ec="47" bec="0" bev="0" fileid="1" />
                <SequencePoint vc="1" uspid="56" ordinal="6" offset="105" sl="200" sc="13" el="200" ec="79" bec="0" bev="0" fileid="1" />
                <SequencePoint vc="1" uspid="57" ordinal="7" offset="122" sl="202" sc="13" el="202" ec="112" bec="0" bev="0" fileid="1" />
                <SequencePoint vc="1" uspid="58" ordinal="8" offset="140" sl="203" sc="13" el="203" ec="50" bec="0" bev="0" fileid="1" />
                <SequencePoint vc="1" uspid="59" ordinal="9" offset="162" sl="204" sc="9" el="204" ec="10" bec="0" bev="0" fileid="1" />
              </SequencePoints>
              <BranchPoints />
              <MethodPoint vc="1" uspid="60" ordinal="0" offset="0" />
            </Method>
            <Method visited="true" cyclomaticComplexity="1" nPathComplexity="0" sequenceCoverage="100" branchCoverage="100" isConstructor="false" isStatic="false" isGetter="false" isSetter="false">
              <Summary numSequencePoints="10" visitedSequencePoints="10" numBranchPoints="1" visitedBranchPoints="1" sequenceCoverage="100" branchCoverage="100" maxCyclomaticComplexity="1" minCyclomaticComplexity="1" visitedClasses="0" numClasses="0" visitedMethods="1" numMethods="1" />
              <MetadataToken>100663302</MetadataToken>
              <Name>System.Void ProjectManager.Test.ProjectControllerTest::TestInsertProject_NegativeProjectId()</Name>
              <FileRef uid="1" />
              <SequencePoints>
                <SequencePoint vc="1" uspid="61" ordinal="0" offset="6" sl="208" sc="9" el="208" ec="10" bec="0" bev="0" fileid="1" />
                <SequencePoint vc="1" uspid="62" ordinal="1" offset="7" sl="209" sc="13" el="209" ec="60" bec="0" bev="0" fileid="1" />
                <SequencePoint vc="1" uspid="63" ordinal="2" offset="13" sl="210" sc="13" el="210" ec="51" bec="0" bev="0" fileid="1" />
                <SequencePoint vc="1" uspid="64" ordinal="3" offset="19" sl="211" sc="13" el="218" ec="16" bec="0" bev="0" fileid="1" />
                <SequencePoint vc="1" uspid="65" ordinal="4" offset="90" sl="219" sc="13" el="219" ec="35" bec="0" bev="0" fileid="1" />
                <SequencePoint vc="1" uspid="66" ordinal="5" offset="98" sl="220" sc="13" el="237" ec="15" bec="0" bev="0" fileid="1" />
                <SequencePoint vc="1" uspid="67" ordinal="6" offset="289" sl="238" sc="13" el="238" ec="79" bec="0" bev="0" fileid="1" />
                <SequencePoint vc="1" uspid="68" ordinal="7" offset="306" sl="239" sc="13" el="239" ec="109" bec="0" bev="0" fileid="1" />
                <SequencePoint vc="1" uspid="69" ordinal="8" offset="324" sl="240" sc="13" el="240" ec="50" bec="0" bev="0" fileid="1" />
                <SequencePoint vc="1" uspid="70" ordinal="9" offset="346" sl="242" sc="9" el="242" ec="10" bec="0" bev="0" fileid="1" />
              </SequencePoints>
              <BranchPoints />
              <MethodPoint vc="1" uspid="71" ordinal="0" offset="0" />
            </Method>
            <Method visited="true" cyclomaticComplexity="1" nPathComplexity="0" sequenceCoverage="100" branchCoverage="100" isConstructor="false" isStatic="false" isGetter="false" isSetter="false">
              <Summary numSequencePoints="10" visitedSequencePoints="10" numBranchPoints="1" visitedBranchPoints="1" sequenceCoverage="100" branchCoverage="100" maxCyclomaticComplexity="1" minCyclomaticComplexity="1" visitedClasses="0" numClasses="0" visitedMethods="1" numMethods="1" />
              <MetadataToken>100663303</MetadataToken>
              <Name>System.Void ProjectManager.Test.ProjectControllerTest::TestInsertProject_UserNullInProject()</Name>
              <FileRef uid="1" />
              <SequencePoints>
                <SequencePoint vc="1" uspid="72" ordinal="0" offset="6" sl="246" sc="9" el="246" ec="10" bec="0" bev="0" fileid="1" />
                <SequencePoint vc="1" uspid="73" ordinal="1" offset="7" sl="247" sc="13" el="247" ec="60" bec="0" bev="0" fileid="1" />
                <SequencePoint vc="1" uspid="74" ordinal="2" offset="13" sl="248" sc="13" el="248" ec="51" bec="0" bev="0" fileid="1" />
                <SequencePoint vc="1" uspid="75" ordinal="3" offset="19" sl="249" sc="13" el="256" ec="16" bec="0" bev="0" fileid="1" />
                <SequencePoint vc="1" uspid="76" ordinal="4" offset="90" sl="257" sc="13" el="257" ec="35" bec="0" bev="0" fileid="1" />
                <SequencePoint vc="1" uspid="77" ordinal="5" offset="98" sl="258" sc="13" el="268" ec="15" bec="0" bev="0" fileid="1" />
                <SequencePoint vc="1" uspid="78" ordinal="6" offset="222" sl="269" sc="13" el="269" ec="79" bec="0" bev="0" fileid="1" />
                <SequencePoint vc="1" uspid="79" ordinal="7" offset="239" sl="270" sc="13" el="270" ec="111" bec="0" bev="0" fileid="1" />
                <SequencePoint vc="1" uspid="80" ordinal="8" offset="257" sl="271" sc="13" el="271" ec="50" bec="0" bev="0" fileid="1" />
                <SequencePoint vc="1" uspid="81" ordinal="9" offset="279" sl="273" sc="9" el="273" ec="10" bec="0" bev="0" fileid="1" />
              </SequencePoints>
              <BranchPoints />
              <MethodPoint vc="1" uspid="82" ordinal="0" offset="0" />
            </Method>
            <Method visited="true" cyclomaticComplexity="1" nPathComplexity="0" sequenceCoverage="100" branchCoverage="100" isConstructor="false" isStatic="false" isGetter="false" isSetter="false">
              <Summary numSequencePoints="10" visitedSequencePoints="10" numBranchPoints="1" visitedBranchPoints="1" sequenceCoverage="100" branchCoverage="100" maxCyclomaticComplexity="1" minCyclomaticComplexity="1" visitedClasses="0" numClasses="0" visitedMethods="1" numMethods="1" />
              <MetadataToken>100663304</MetadataToken>
              <Name>System.Void ProjectManager.Test.ProjectControllerTest::TestInsertProject_NegativeProjectIdInUser()</Name>
              <FileRef uid="1" />
              <SequencePoints>
                <SequencePoint vc="1" uspid="83" ordinal="0" offset="6" sl="277" sc="9" el="277" ec="10" bec="0" bev="0" fileid="1" />
                <SequencePoint vc="1" uspid="84" ordinal="1" offset="7" sl="278" sc="13" el="278" ec="60" bec="0" bev="0" fileid="1" />
                <SequencePoint vc="1" uspid="85" ordinal="2" offset="13" sl="279" sc="13" el="279" ec="51" bec="0" bev="0" fileid="1" />
                <SequencePoint vc="1" uspid="86" ordinal="3" offset="19" sl="280" sc="13" el="287" ec="16" bec="0" bev="0" fileid="1" />
                <SequencePoint vc="1" uspid="87" ordinal="4" offset="90" sl="288" sc="13" el="288" ec="35" bec="0" bev="0" fileid="1" />
                <SequencePoint vc="1" uspid="88" ordinal="5" offset="98" sl="289" sc="13" el="306" ec="15" bec="0" bev="0" fileid="1" />
                <SequencePoint vc="1" uspid="89" ordinal="6" offset="289" sl="307" sc="13" el="307" ec="79" bec="0" bev="0" fileid="1" />
                <SequencePoint vc="1" uspid="90" ordinal="7" offset="306" sl="308" sc="13" el="308" ec="109" bec="0" bev="0" fileid="1" />
                <SequencePoint vc="1" uspid="91" ordinal="8" offset="324" sl="309" sc="13" el="309" ec="50" bec="0" bev="0" fileid="1" />
                <SequencePoint vc="1" uspid="92" ordinal="9" offset="346" sl="311" sc="9" el="311" ec="10" bec="0" bev="0" fileid="1" />
              </SequencePoints>
              <BranchPoints />
              <MethodPoint vc="1" uspid="93" ordinal="0" offset="0" />
            </Method>
            <Method visited="true" cyclomaticComplexity="1" nPathComplexity="0" sequenceCoverage="100" branchCoverage="100" isConstructor="false" isStatic="false" isGetter="false" isSetter="false">
              <Summary numSequencePoints="10" visitedSequencePoints="10" numBranchPoints="1" visitedBranchPoints="1" sequenceCoverage="100" branchCoverage="100" maxCyclomaticComplexity="1" minCyclomaticComplexity="1" visitedClasses="0" numClasses="0" visitedMethods="1" numMethods="1" />
              <MetadataToken>100663305</MetadataToken>
              <Name>System.Void ProjectManager.Test.ProjectControllerTest::TestInsertProject_CompletedTasksGreater()</Name>
              <FileRef uid="1" />
              <SequencePoints>
                <SequencePoint vc="1" uspid="94" ordinal="0" offset="6" sl="315" sc="9" el="315" ec="10" bec="0" bev="0" fileid="1" />
                <SequencePoint vc="1" uspid="95" ordinal="1" offset="7" sl="316" sc="13" el="316" ec="60" bec="0" bev="0" fileid="1" />
                <SequencePoint vc="1" uspid="96" ordinal="2" offset="13" sl="317" sc="13" el="317" ec="51" bec="0" bev="0" fileid="1" />
                <SequencePoint vc="1" uspid="97" ordinal="3" offset="19" sl="318" sc="13" el="325" ec="16" bec="0" bev="0" fileid="1" />
                <SequencePoint vc="1" uspid="98" ordinal="4" offset="90" sl="326" sc="13" el="326" ec="35" bec="0" bev="0" fileid="1" />
                <SequencePoint vc="1" uspid="99" ordinal="5" offset="98" sl="327" sc="13" el="344" ec="15" bec="0" bev="0" fileid="1" />
                <SequencePoint vc="1" uspid="100" ordinal="6" offset="290" sl="345" sc="13" el="345" ec="79" bec="0" bev="0" fileid="1" />
                <SequencePoint vc="1" uspid="101" ordinal="7" offset="307" sl="346" sc="13" el="346" ec="107" bec="0" bev="0" fileid="1" />
                <SequencePoint vc="1" uspid="102" ordinal="8" offset="325" sl="347" sc="13" el="347" ec="50" bec="0" bev="0" fileid="1" />
                <SequencePoint vc="1" uspid="103" ordinal="9" offset="347" sl="349" sc="9" el="349" ec="10" bec="0" bev="0" fileid="1" />
              </SequencePoints>
              <BranchPoints />
              <MethodPoint vc="1" uspid="104" ordinal="0" offset="0" />
            </Method>
            <Method visited="true" cyclomaticComplexity="1" nPathComplexity="0" sequenceCoverage="100" branchCoverage="100" isConstructor="false" isStatic="false" isGetter="false" isSetter="false">
              <Summary numSequencePoints="10" visitedSequencePoints="10" numBranchPoints="1" visitedBranchPoints="1" sequenceCoverage="100" branchCoverage="100" maxCyclomaticComplexity="1" minCyclomaticComplexity="1" visitedClasses="0" numClasses="0" visitedMethods="1" numMethods="1" />
              <MetadataToken>100663306</MetadataToken>
              <Name>System.Void ProjectManager.Test.ProjectControllerTest::TestUpdateProject_NoProjectAsParameter()</Name>
              <FileRef uid="1" />
              <SequencePoints>
                <SequencePoint vc="1" uspid="105" ordinal="0" offset="6" sl="353" sc="9" el="353" ec="10" bec="0" bev="0" fileid="1" />
                <SequencePoint vc="1" uspid="106" ordinal="1" offset="7" sl="354" sc="13" el="354" ec="60" bec="0" bev="0" fileid="1" />
                <SequencePoint vc="1" uspid="107" ordinal="2" offset="13" sl="355" sc="13" el="355" ec="51" bec="0" bev="0" fileid="1" />
                <SequencePoint vc="1" uspid="108" ordinal="3" offset="19" sl="356" sc="13" el="363" ec="16" bec="0" bev="0" fileid="1" />
                <SequencePoint vc="1" uspid="109" ordinal="4" offset="90" sl="364" sc="13" el="364" ec="35" bec="0" bev="0" fileid="1" />
                <SequencePoint vc="1" uspid="110" ordinal="5" offset="98" sl="365" sc="13" el="365" ec="47" bec="0" bev="0" fileid="1" />
                <SequencePoint vc="1" uspid="111" ordinal="6" offset="105" sl="366" sc="13" el="366" ec="79" bec="0" bev="0" fileid="1" />
                <SequencePoint vc="1" uspid="112" ordinal="7" offset="122" sl="367" sc="13" el="367" ec="111" bec="0" bev="0" fileid="1" />
                <SequencePoint vc="1" uspid="113" ordinal="8" offset="140" sl="368" sc="13" el="368" ec="50" bec="0" bev="0" fileid="1" />
                <SequencePoint vc="1" uspid="114" ordinal="9" offset="162" sl="370" sc="9" el="370" ec="10" bec="0" bev="0" fileid="1" />
              </SequencePoints>
              <BranchPoints />
              <MethodPoint vc="1" uspid="115" ordinal="0" offset="0" />
            </Method>
            <Method visited="true" cyclomaticComplexity="1" nPathComplexity="0" sequenceCoverage="100" branchCoverage="100" isConstructor="false" isStatic="false" isGetter="false" isSetter="false">
              <Summary numSequencePoints="10" visitedSequencePoints="10" numBranchPoints="1" visitedBranchPoints="1" sequenceCoverage="100" branchCoverage="100" maxCyclomaticComplexity="1" minCyclomaticComplexity="1" visitedClasses="0" numClasses="0" visitedMethods="1" numMethods="1" />
              <MetadataToken>100663307</MetadataToken>
              <Name>System.Void ProjectManager.Test.ProjectControllerTest::TestUpdateProject_NegativeProjectId()</Name>
              <FileRef uid="1" />
              <SequencePoints>
                <SequencePoint vc="1" uspid="116" ordinal="0" offset="6" sl="374" sc="9" el="374" ec="10" bec="0" bev="0" fileid="1" />
                <SequencePoint vc="1" uspid="117" ordinal="1" offset="7" sl="375" sc="13" el="375" ec="60" bec="0" bev="0" fileid="1" />
                <SequencePoint vc="1" uspid="118" ordinal="2" offset="13" sl="376" sc="13" el="376" ec="51" bec="0" bev="0" fileid="1" />
                <SequencePoint vc="1" uspid="119" ordinal="3" offset="19" sl="377" sc="13" el="384" ec="16" bec="0" bev="0" fileid="1" />
                <SequencePoint vc="1" uspid="120" ordinal="4" offset="90" sl="385" sc="13" el="385" ec="35" bec="0" bev="0" fileid="1" />
                <SequencePoint vc="1" uspid="121" ordinal="5" offset="98" sl="386" sc="13" el="403" ec="15" bec="0" bev="0" fileid="1" />
                <SequencePoint vc="1" uspid="122" ordinal="6" offset="289" sl="404" sc="13" el="404" ec="79" bec="0" bev="0" fileid="1" />
                <SequencePoint vc="1" uspid="123" ordinal="7" offset="306" sl="405" sc="13" el="405" ec="109" bec="0" bev="0" fileid="1" />
                <SequencePoint vc="1" uspid="124" ordinal="8" offset="324" sl="406" sc="13" el="406" ec="50" bec="0" bev="0" fileid="1" />
                <SequencePoint vc="1" uspid="125" ordinal="9" offset="346" sl="408" sc="9" el="408" ec="10" bec="0" bev="0" fileid="1" />
              </SequencePoints>
              <BranchPoints />
              <MethodPoint vc="1" uspid="126" ordinal="0" offset="0" />
            </Method>
            <Method visited="true" cyclomaticComplexity="1" nPathComplexity="0" sequenceCoverage="100" branchCoverage="100" isConstructor="false" isStatic="false" isGetter="false" isSetter="false">
              <Summary numSequencePoints="10" visitedSequencePoints="10" numBranchPoints="1" visitedBranchPoints="1" sequenceCoverage="100" branchCoverage="100" maxCyclomaticComplexity="1" minCyclomaticComplexity="1" visitedClasses="0" numClasses="0" visitedMethods="1" numMethods="1" />
              <MetadataToken>100663308</MetadataToken>
              <Name>System.Void ProjectManager.Test.ProjectControllerTest::TestUpdateProject_UserNullInProject()</Name>
              <FileRef uid="1" />
              <SequencePoints>
                <SequencePoint vc="1" uspid="127" ordinal="0" offset="6" sl="412" sc="9" el="412" ec="10" bec="0" bev="0" fileid="1" />
                <SequencePoint vc="1" uspid="128" ordinal="1" offset="7" sl="413" sc="13" el="413" ec="60" bec="0" bev="0" fileid="1" />
                <SequencePoint vc="1" uspid="129" ordinal="2" offset="13" sl="414" sc="13" el="414" ec="51" bec="0" bev="0" fileid="1" />
                <SequencePoint vc="1" uspid="130" ordinal="3" offset="19" sl="415" sc="13" el="422" ec="16" bec="0" bev="0" fileid="1" />
                <SequencePoint vc="1" uspid="131" ordinal="4" offset="90" sl="423" sc="13" el="423" ec="35" bec="0" bev="0" fileid="1" />
                <SequencePoint vc="1" uspid="132" ordinal="5" offset="98" sl="424" sc="13" el="434" ec="15" bec="0" bev="0" fileid="1" />
                <SequencePoint vc="1" uspid="133" ordinal="6" offset="222" sl="435" sc="13" el="435" ec="79" bec="0" bev="0" fileid="1" />
                <SequencePoint vc="1" uspid="134" ordinal="7" offset="239" sl="436" sc="13" el="436" ec="111" bec="0" bev="0" fileid="1" />
                <SequencePoint vc="1" uspid="135" ordinal="8" offset="257" sl="437" sc="13" el="437" ec="50" bec="0" bev="0" fileid="1" />
                <SequencePoint vc="1" uspid="136" ordinal="9" offset="279" sl="439" sc="9" el="439" ec="10" bec="0" bev="0" fileid="1" />
              </SequencePoints>
              <BranchPoints />
              <MethodPoint vc="1" uspid="137" ordinal="0" offset="0" />
            </Method>
            <Method visited="true" cyclomaticComplexity="1" nPathComplexity="0" sequenceCoverage="100" branchCoverage="100" isConstructor="false" isStatic="false" isGetter="false" isSetter="false">
              <Summary numSequencePoints="10" visitedSequencePoints="10" numBranchPoints="1" visitedBranchPoints="1" sequenceCoverage="100" branchCoverage="100" maxCyclomaticComplexity="1" minCyclomaticComplexity="1" visitedClasses="0" numClasses="0" visitedMethods="1" numMethods="1" />
              <MetadataToken>100663309</MetadataToken>
              <Name>System.Void ProjectManager.Test.ProjectControllerTest::TestUpdateProject_NegativeProjectIdInUser()</Name>
              <FileRef uid="1" />
              <SequencePoints>
                <SequencePoint vc="1" uspid="138" ordinal="0" offset="6" sl="443" sc="9" el="443" ec="10" bec="0" bev="0" fileid="1" />
                <SequencePoint vc="1" uspid="139" ordinal="1" offset="7" sl="444" sc="13" el="444" ec="60" bec="0" bev="0" fileid="1" />
                <SequencePoint vc="1" uspid="140" ordinal="2" offset="13" sl="445" sc="13" el="445" ec="51" bec="0" bev="0" fileid="1" />
                <SequencePoint vc="1" uspid="141" ordinal="3" offset="19" sl="446" sc="13" el="453" ec="16" bec="0" bev="0" fileid="1" />
                <SequencePoint vc="1" uspid="142" ordinal="4" offset="90" sl="454" sc="13" el="454" ec="35" bec="0" bev="0" fileid="1" />
                <SequencePoint vc="1" uspid="143" ordinal="5" offset="98" sl="455" sc="13" el="472" ec="15" bec="0" bev="0" fileid="1" />
                <SequencePoint vc="1" uspid="144" ordinal="6" offset="289" sl="473" sc="13" el="473" ec="79" bec="0" bev="0" fileid="1" />
                <SequencePoint vc="1" uspid="145" ordinal="7" offset="306" sl="474" sc="13" el="474" ec="109" bec="0" bev="0" fileid="1" />
                <SequencePoint vc="1" uspid="146" ordinal="8" offset="324" sl="475" sc="13" el="475" ec="50" bec="0" bev="0" fileid="1" />
                <SequencePoint vc="1" uspid="147" ordinal="9" offset="346" sl="477" sc="9" el="477" ec="10" bec="0" bev="0" fileid="1" />
              </SequencePoints>
              <BranchPoints />
              <MethodPoint vc="1" uspid="148" ordinal="0" offset="0" />
            </Method>
            <Method visited="true" cyclomaticComplexity="1" nPathComplexity="0" sequenceCoverage="100" branchCoverage="100" isConstructor="false" isStatic="false" isGetter="false" isSetter="false">
              <Summary numSequencePoints="10" visitedSequencePoints="10" numBranchPoints="1" visitedBranchPoints="1" sequenceCoverage="100" branchCoverage="100" maxCyclomaticComplexity="1" minCyclomaticComplexity="1" visitedClasses="0" numClasses="0" visitedMethods="1" numMethods="1" />
              <MetadataToken>100663310</MetadataToken>
              <Name>System.Void ProjectManager.Test.ProjectControllerTest::TestUpdateProject_CompletedTasksGreater()</Name>
              <FileRef uid="1" />
              <SequencePoints>
                <SequencePoint vc="1" uspid="149" ordinal="0" offset="6" sl="481" sc="9" el="481" ec="10" bec="0" bev="0" fileid="1" />
                <SequencePoint vc="1" uspid="150" ordinal="1" offset="7" sl="482" sc="13" el="482" ec="60" bec="0" bev="0" fileid="1" />
                <SequencePoint vc="1" uspid="151" ordinal="2" offset="13" sl="483" sc="13" el="483" ec="51" bec="0" bev="0" fileid="1" />
                <SequencePoint vc="1" uspid="152" ordinal="3" offset="19" sl="484" sc="13" el="491" ec="16" bec="0" bev="0" fileid="1" />
                <SequencePoint vc="1" uspid="153" ordinal="4" offset="90" sl="492" sc="13" el="492" ec="35" bec="0" bev="0" fileid="1" />
                <SequencePoint vc="1" uspid="154" ordinal="5" offset="98" sl="493" sc="13" el="510" ec="15" bec="0" bev="0" fileid="1" />
                <SequencePoint vc="1" uspid="155" ordinal="6" offset="290" sl="511" sc="13" el="511" ec="79" bec="0" bev="0" fileid="1" />
                <SequencePoint vc="1" uspid="156" ordinal="7" offset="307" sl="513" sc="13" el="513" ec="107" bec="0" bev="0" fileid="1" />
                <SequencePoint vc="1" uspid="157" ordinal="8" offset="325" sl="514" sc="13" el="514" ec="50" bec="0" bev="0" fileid="1" />
                <SequencePoint vc="1" uspid="158" ordinal="9" offset="347" sl="516" sc="9" el="516" ec="10" bec="0" bev="0" fileid="1" />
              </SequencePoints>
              <BranchPoints />
              <MethodPoint vc="1" uspid="159" ordinal="0" offset="0" />
            </Method>
            <Method visited="true" cyclomaticComplexity="1" nPathComplexity="0" sequenceCoverage="100" branchCoverage="100" isConstructor="false" isStatic="false" isGetter="false" isSetter="false">
              <Summary numSequencePoints="10" visitedSequencePoints="10" numBranchPoints="1" visitedBranchPoints="1" sequenceCoverage="100" branchCoverage="100" maxCyclomaticComplexity="1" minCyclomaticComplexity="1" visitedClasses="0" numClasses="0" visitedMethods="1" numMethods="1" />
              <MetadataToken>100663311</MetadataToken>
              <Name>System.Void ProjectManager.Test.ProjectControllerTest::TestDeleteProject_NoProjectAsParameter()</Name>
              <FileRef uid="1" />
              <SequencePoints>
                <SequencePoint vc="1" uspid="160" ordinal="0" offset="6" sl="520" sc="9" el="520" ec="10" bec="0" bev="0" fileid="1" />
                <SequencePoint vc="1" uspid="161" ordinal="1" offset="7" sl="521" sc="13" el="521" ec="60" bec="0" bev="0" fileid="1" />
                <SequencePoint vc="1" uspid="162" ordinal="2" offset="13" sl="522" sc="13" el="522" ec="51" bec="0" bev="0" fileid="1" />
                <SequencePoint vc="1" uspid="163" ordinal="3" offset="19" sl="523" sc="13" el="530" ec="16" bec="0" bev="0" fileid="1" />
                <SequencePoint vc="1" uspid="164" ordinal="4" offset="90" sl="531" sc="13" el="531" ec="35" bec="0" bev="0" fileid="1" />
                <SequencePoint vc="1" uspid="165" ordinal="5" offset="98" sl="532" sc="13" el="532" ec="47" bec="0" bev="0" fileid="1" />
                <SequencePoint vc="1" uspid="166" ordinal="6" offset="105" sl="533" sc="13" el="533" ec="79" bec="0" bev="0" fileid="1" />
                <SequencePoint vc="1" uspid="167" ordinal="7" offset="122" sl="534" sc="13" el="534" ec="111" bec="0" bev="0" fileid="1" />
                <SequencePoint vc="1" uspid="168" ordinal="8" offset="140" sl="535" sc="13" el="535" ec="50" bec="0" bev="0" fileid="1" />
                <SequencePoint vc="1" uspid="169" ordinal="9" offset="162" sl="537" sc="9" el="537" ec="10" bec="0" bev="0" fileid="1" />
              </SequencePoints>
              <BranchPoints />
              <MethodPoint vc="1" uspid="170" ordinal="0" offset="0" />
            </Method>
            <Method visited="true" cyclomaticComplexity="1" nPathComplexity="0" sequenceCoverage="100" branchCoverage="100" isConstructor="false" isStatic="false" isGetter="false" isSetter="false">
              <Summary numSequencePoints="10" visitedSequencePoints="10" numBranchPoints="1" visitedBranchPoints="1" sequenceCoverage="100" branchCoverage="100" maxCyclomaticComplexity="1" minCyclomaticComplexity="1" visitedClasses="0" numClasses="0" visitedMethods="1" numMethods="1" />
              <MetadataToken>100663312</MetadataToken>
              <Name>System.Void ProjectManager.Test.ProjectControllerTest::TestDeleteProject_NegativeProjectId()</Name>
              <FileRef uid="1" />
              <SequencePoints>
                <SequencePoint vc="1" uspid="171" ordinal="0" offset="6" sl="541" sc="9" el="541" ec="10" bec="0" bev="0" fileid="1" />
                <SequencePoint vc="1" uspid="172" ordinal="1" offset="7" sl="542" sc="13" el="542" ec="60" bec="0" bev="0" fileid="1" />
                <SequencePoint vc="1" uspid="173" ordinal="2" offset="13" sl="543" sc="13" el="543" ec="51" bec="0" bev="0" fileid="1" />
                <SequencePoint vc="1" uspid="174" ordinal="3" offset="19" sl="544" sc="13" el="551" ec="16" bec="0" bev="0" fileid="1" />
                <SequencePoint vc="1" uspid="175" ordinal="4" offset="90" sl="552" sc="13" el="552" ec="35" bec="0" bev="0" fileid="1" />
                <SequencePoint vc="1" uspid="176" ordinal="5" offset="98" sl="553" sc="13" el="570" ec="15" bec="0" bev="0" fileid="1" />
                <SequencePoint vc="1" uspid="177" ordinal="6" offset="289" sl="571" sc="13" el="571" ec="79" bec="0" bev="0" fileid="1" />
                <SequencePoint vc="1" uspid="178" ordinal="7" offset="306" sl="572" sc="13" el="572" ec="109" bec="0" bev="0" fileid="1" />
                <SequencePoint vc="1" uspid="179" ordinal="8" offset="324" sl="573" sc="13" el="573" ec="50" bec="0" bev="0" fileid="1" />
                <SequencePoint vc="1" uspid="180" ordinal="9" offset="346" sl="575" sc="9" el="575" ec="10" bec="0" bev="0" fileid="1" />
              </SequencePoints>
              <BranchPoints />
              <MethodPoint vc="1" uspid="181" ordinal="0" offset="0" />
            </Method>
            <Method visited="true" cyclomaticComplexity="1" nPathComplexity="0" sequenceCoverage="100" branchCoverage="100" isConstructor="false" isStatic="false" isGetter="false" isSetter="false">
              <Summary numSequencePoints="10" visitedSequencePoints="10" numBranchPoints="1" visitedBranchPoints="1" sequenceCoverage="100" branchCoverage="100" maxCyclomaticComplexity="1" minCyclomaticComplexity="1" visitedClasses="0" numClasses="0" visitedMethods="1" numMethods="1" />
              <MetadataToken>100663313</MetadataToken>
              <Name>System.Void ProjectManager.Test.ProjectControllerTest::TestDeleteProject_UserNullInProject()</Name>
              <FileRef uid="1" />
              <SequencePoints>
                <SequencePoint vc="1" uspid="182" ordinal="0" offset="6" sl="579" sc="9" el="579" ec="10" bec="0" bev="0" fileid="1" />
                <SequencePoint vc="1" uspid="183" ordinal="1" offset="7" sl="580" sc="13" el="580" ec="60" bec="0" bev="0" fileid="1" />
                <SequencePoint vc="1" uspid="184" ordinal="2" offset="13" sl="581" sc="13" el="581" ec="51" bec="0" bev="0" fileid="1" />
                <SequencePoint vc="1" uspid="185" ordinal="3" offset="19" sl="582" sc="13" el="589" ec="16" bec="0" bev="0" fileid="1" />
                <SequencePoint vc="1" uspid="186" ordinal="4" offset="90" sl="590" sc="13" el="590" ec="35" bec="0" bev="0" fileid="1" />
                <SequencePoint vc="1" uspid="187" ordinal="5" offset="98" sl="591" sc="13" el="601" ec="15" bec="0" bev="0" fileid="1" />
                <SequencePoint vc="1" uspid="188" ordinal="6" offset="222" sl="602" sc="13" el="602" ec="79" bec="0" bev="0" fileid="1" />
                <SequencePoint vc="1" uspid="189" ordinal="7" offset="239" sl="603" sc="13" el="603" ec="111" bec="0" bev="0" fileid="1" />
                <SequencePoint vc="1" uspid="190" ordinal="8" offset="257" sl="604" sc="13" el="604" ec="50" bec="0" bev="0" fileid="1" />
                <SequencePoint vc="1" uspid="191" ordinal="9" offset="279" sl="606" sc="9" el="606" ec="10" bec="0" bev="0" fileid="1" />
              </SequencePoints>
              <BranchPoints />
              <MethodPoint vc="1" uspid="192" ordinal="0" offset="0" />
            </Method>
            <Method visited="true" cyclomaticComplexity="1" nPathComplexity="0" sequenceCoverage="100" branchCoverage="100" isConstructor="false" isStatic="false" isGetter="false" isSetter="false">
              <Summary numSequencePoints="10" visitedSequencePoints="10" numBranchPoints="1" visitedBranchPoints="1" sequenceCoverage="100" branchCoverage="100" maxCyclomaticComplexity="1" minCyclomaticComplexity="1" visitedClasses="0" numClasses="0" visitedMethods="1" numMethods="1" />
              <MetadataToken>100663314</MetadataToken>
              <Name>System.Void ProjectManager.Test.ProjectControllerTest::TestDeleteProject_NegativeProjectIdInUser()</Name>
              <FileRef uid="1" />
              <SequencePoints>
                <SequencePoint vc="1" uspid="193" ordinal="0" offset="6" sl="610" sc="9" el="610" ec="10" bec="0" bev="0" fileid="1" />
                <SequencePoint vc="1" uspid="194" ordinal="1" offset="7" sl="611" sc="13" el="611" ec="60" bec="0" bev="0" fileid="1" />
                <SequencePoint vc="1" uspid="195" ordinal="2" offset="13" sl="612" sc="13" el="612" ec="51" bec="0" bev="0" fileid="1" />
                <SequencePoint vc="1" uspid="196" ordinal="3" offset="19" sl="613" sc="13" el="620" ec="16" bec="0" bev="0" fileid="1" />
                <SequencePoint vc="1" uspid="197" ordinal="4" offset="90" sl="621" sc="13" el="621" ec="35" bec="0" bev="0" fileid="1" />
                <SequencePoint vc="1" uspid="198" ordinal="5" offset="98" sl="622" sc="13" el="639" ec="15" bec="0" bev="0" fileid="1" />
                <SequencePoint vc="1" uspid="199" ordinal="6" offset="289" sl="640" sc="13" el="640" ec="79" bec="0" bev="0" fileid="1" />
                <SequencePoint vc="1" uspid="200" ordinal="7" offset="306" sl="641" sc="13" el="641" ec="109" bec="0" bev="0" fileid="1" />
                <SequencePoint vc="1" uspid="201" ordinal="8" offset="324" sl="642" sc="13" el="642" ec="50" bec="0" bev="0" fileid="1" />
                <SequencePoint vc="1" uspid="202" ordinal="9" offset="346" sl="644" sc="9" el="644" ec="10" bec="0" bev="0" fileid="1" />
              </SequencePoints>
              <BranchPoints />
              <MethodPoint vc="1" uspid="203" ordinal="0" offset="0" />
            </Method>
            <Method visited="true" cyclomaticComplexity="1" nPathComplexity="0" sequenceCoverage="100" branchCoverage="100" isConstructor="false" isStatic="false" isGetter="false" isSetter="false">
              <Summary numSequencePoints="10" visitedSequencePoints="10" numBranchPoints="1" visitedBranchPoints="1" sequenceCoverage="100" branchCoverage="100" maxCyclomaticComplexity="1" minCyclomaticComplexity="1" visitedClasses="0" numClasses="0" visitedMethods="1" numMethods="1" />
              <MetadataToken>100663315</MetadataToken>
              <Name>System.Void ProjectManager.Test.ProjectControllerTest::TestDeleteProject_CompletedTasksGreater()</Name>
              <FileRef uid="1" />
              <SequencePoints>
                <SequencePoint vc="1" uspid="204" ordinal="0" offset="6" sl="648" sc="9" el="648" ec="10" bec="0" bev="0" fileid="1" />
                <SequencePoint vc="1" uspid="205" ordinal="1" offset="7" sl="649" sc="13" el="649" ec="60" bec="0" bev="0" fileid="1" />
                <SequencePoint vc="1" uspid="206" ordinal="2" offset="13" sl="650" sc="13" el="650" ec="51" bec="0" bev="0" fileid="1" />
                <SequencePoint vc="1" uspid="207" ordinal="3" offset="19" sl="651" sc="13" el="658" ec="16" bec="0" bev="0" fileid="1" />
                <SequencePoint vc="1" uspid="208" ordinal="4" offset="90" sl="659" sc="13" el="659" ec="35" bec="0" bev="0" fileid="1" />
                <SequencePoint vc="1" uspid="209" ordinal="5" offset="98" sl="660" sc="13" el="677" ec="15" bec="0" bev="0" fileid="1" />
                <SequencePoint vc="1" uspid="210" ordinal="6" offset="290" sl="678" sc="13" el="678" ec="79" bec="0" bev="0" fileid="1" />
                <SequencePoint vc="1" uspid="211" ordinal="7" offset="307" sl="679" sc="13" el="679" ec="107" bec="0" bev="0" fileid="1" />
                <SequencePoint vc="1" uspid="212" ordinal="8" offset="325" sl="680" sc="13" el="680" ec="50" bec="0" bev="0" fileid="1" />
                <SequencePoint vc="1" uspid="213" ordinal="9" offset="347" sl="682" sc="9" el="682" ec="10" bec="0" bev="0" fileid="1" />
              </SequencePoints>
              <BranchPoints />
              <MethodPoint vc="1" uspid="214" ordinal="0" offset="0" />
            </Method>
            <Method visited="true" cyclomaticComplexity="1" nPathComplexity="0" sequenceCoverage="0" branchCoverage="0" isConstructor="true" isStatic="false" isGetter="false" isSetter="false">
              <Summary numSequencePoints="0" visitedSequencePoints="0" numBranchPoints="0" visitedBranchPoints="0" sequenceCoverage="0" branchCoverage="0" maxCyclomaticComplexity="1" minCyclomaticComplexity="1" visitedClasses="0" numClasses="0" visitedMethods="0" numMethods="0" />
              <MetadataToken>100663316</MetadataToken>
              <Name>System.Void ProjectManager.Test.ProjectControllerTest::.ctor()</Name>
              <SequencePoints />
              <BranchPoints />
              <MethodPoint vc="1" uspid="215" ordinal="0" offset="0" />
            </Method>
          </Methods>
        </Class>
        <Class>
          <Summary numSequencePoints="1" visitedSequencePoints="1" numBranchPoints="1" visitedBranchPoints="1" sequenceCoverage="100" branchCoverage="100" maxCyclomaticComplexity="1" minCyclomaticComplexity="1" visitedClasses="1" numClasses="1" visitedMethods="1" numMethods="1" />
          <FullName>ProjectManager.Test.ProjectControllerTest/&lt;&gt;c__DisplayClass4_0</FullName>
          <Methods>
            <Method visited="true" cyclomaticComplexity="1" nPathComplexity="0" sequenceCoverage="0" branchCoverage="0" isConstructor="true" isStatic="false" isGetter="false" isSetter="false">
              <Summary numSequencePoints="0" visitedSequencePoints="0" numBranchPoints="0" visitedBranchPoints="0" sequenceCoverage="0" branchCoverage="0" maxCyclomaticComplexity="1" minCyclomaticComplexity="1" visitedClasses="0" numClasses="0" visitedMethods="0" numMethods="0" />
              <MetadataToken>100663375</MetadataToken>
              <Name>System.Void ProjectManager.Test.ProjectControllerTest/&lt;&gt;c__DisplayClass4_0::.ctor()</Name>
              <SequencePoints />
              <BranchPoints />
              <MethodPoint vc="1" uspid="216" ordinal="0" offset="0" />
            </Method>
            <Method visited="true" cyclomaticComplexity="1" nPathComplexity="0" sequenceCoverage="100" branchCoverage="100" isConstructor="false" isStatic="false" isGetter="false" isSetter="false">
              <Summary numSequencePoints="1" visitedSequencePoints="1" numBranchPoints="1" visitedBranchPoints="1" sequenceCoverage="100" branchCoverage="100" maxCyclomaticComplexity="1" minCyclomaticComplexity="1" visitedClasses="0" numClasses="0" visitedMethods="1" numMethods="1" />
              <MetadataToken>100663376</MetadataToken>
              <Name>System.Void ProjectManager.Test.ProjectControllerTest/&lt;&gt;c__DisplayClass4_0::&lt;TestInsertProject_NoProjectAsParameter&gt;b__0()</Name>
              <FileRef uid="1" />
              <SequencePoints>
                <SequencePoint vc="1" uspid="217" ordinal="0" offset="0" sl="202" sc="65" el="202" ec="109" bec="0" bev="0" fileid="1" />
              </SequencePoints>
              <BranchPoints />
              <MethodPoint xsi:type="SequencePoint" vc="1" uspid="217" ordinal="0" offset="0" sl="202" sc="65" el="202" ec="109" bec="0" bev="0" fileid="1" />
            </Method>
          </Methods>
        </Class>
        <Class>
          <Summary numSequencePoints="1" visitedSequencePoints="1" numBranchPoints="1" visitedBranchPoints="1" sequenceCoverage="100" branchCoverage="100" maxCyclomaticComplexity="1" minCyclomaticComplexity="1" visitedClasses="1" numClasses="1" visitedMethods="1" numMethods="1" />
          <FullName>ProjectManager.Test.ProjectControllerTest/&lt;&gt;c__DisplayClass5_0</FullName>
          <Methods>
            <Method visited="true" cyclomaticComplexity="1" nPathComplexity="0" sequenceCoverage="0" branchCoverage="0" isConstructor="true" isStatic="false" isGetter="false" isSetter="false">
              <Summary numSequencePoints="0" visitedSequencePoints="0" numBranchPoints="0" visitedBranchPoints="0" sequenceCoverage="0" branchCoverage="0" maxCyclomaticComplexity="1" minCyclomaticComplexity="1" visitedClasses="0" numClasses="0" visitedMethods="0" numMethods="0" />
              <MetadataToken>100663377</MetadataToken>
              <Name>System.Void ProjectManager.Test.ProjectControllerTest/&lt;&gt;c__DisplayClass5_0::.ctor()</Name>
              <SequencePoints />
              <BranchPoints />
              <MethodPoint vc="1" uspid="218" ordinal="0" offset="0" />
            </Method>
            <Method visited="true" cyclomaticComplexity="1" nPathComplexity="0" sequenceCoverage="100" branchCoverage="100" isConstructor="false" isStatic="false" isGetter="false" isSetter="false">
              <Summary numSequencePoints="1" visitedSequencePoints="1" numBranchPoints="1" visitedBranchPoints="1" sequenceCoverage="100" branchCoverage="100" maxCyclomaticComplexity="1" minCyclomaticComplexity="1" visitedClasses="0" numClasses="0" visitedMethods="1" numMethods="1" />
              <MetadataToken>100663378</MetadataToken>
              <Name>System.Void ProjectManager.Test.ProjectControllerTest/&lt;&gt;c__DisplayClass5_0::&lt;TestInsertProject_NegativeProjectId&gt;b__0()</Name>
              <FileRef uid="1" />
              <SequencePoints>
                <SequencePoint vc="1" uspid="219" ordinal="0" offset="0" sl="239" sc="63" el="239" ec="107" bec="0" bev="0" fileid="1" />
              </SequencePoints>
              <BranchPoints />
              <MethodPoint xsi:type="SequencePoint" vc="1" uspid="219" ordinal="0" offset="0" sl="239" sc="63" el="239" ec="107" bec="0" bev="0" fileid="1" />
            </Method>
          </Methods>
        </Class>
        <Class>
          <Summary numSequencePoints="1" visitedSequencePoints="1" numBranchPoints="1" visitedBranchPoints="1" sequenceCoverage="100" branchCoverage="100" maxCyclomaticComplexity="1" minCyclomaticComplexity="1" visitedClasses="1" numClasses="1" visitedMethods="1" numMethods="1" />
          <FullName>ProjectManager.Test.ProjectControllerTest/&lt;&gt;c__DisplayClass6_0</FullName>
          <Methods>
            <Method visited="true" cyclomaticComplexity="1" nPathComplexity="0" sequenceCoverage="0" branchCoverage="0" isConstructor="true" isStatic="false" isGetter="false" isSetter="false">
              <Summary numSequencePoints="0" visitedSequencePoints="0" numBranchPoints="0" visitedBranchPoints="0" sequenceCoverage="0" branchCoverage="0" maxCyclomaticComplexity="1" minCyclomaticComplexity="1" visitedClasses="0" numClasses="0" visitedMethods="0" numMethods="0" />
              <MetadataToken>100663379</MetadataToken>
              <Name>System.Void ProjectManager.Test.ProjectControllerTest/&lt;&gt;c__DisplayClass6_0::.ctor()</Name>
              <SequencePoints />
              <BranchPoints />
              <MethodPoint vc="1" uspid="220" ordinal="0" offset="0" />
            </Method>
            <Method visited="true" cyclomaticComplexity="1" nPathComplexity="0" sequenceCoverage="100" branchCoverage="100" isConstructor="false" isStatic="false" isGetter="false" isSetter="false">
              <Summary numSequencePoints="1" visitedSequencePoints="1" numBranchPoints="1" visitedBranchPoints="1" sequenceCoverage="100" branchCoverage="100" maxCyclomaticComplexity="1" minCyclomaticComplexity="1" visitedClasses="0" numClasses="0" visitedMethods="1" numMethods="1" />
              <MetadataToken>100663380</MetadataToken>
              <Name>System.Void ProjectManager.Test.ProjectControllerTest/&lt;&gt;c__DisplayClass6_0::&lt;TestInsertProject_UserNullInProject&gt;b__0()</Name>
              <FileRef uid="1" />
              <SequencePoints>
                <SequencePoint vc="1" uspid="221" ordinal="0" offset="0" sl="270" sc="65" el="270" ec="109" bec="0" bev="0" fileid="1" />
              </SequencePoints>
              <BranchPoints />
              <MethodPoint xsi:type="SequencePoint" vc="1" uspid="221" ordinal="0" offset="0" sl="270" sc="65" el="270" ec="109" bec="0" bev="0" fileid="1" />
            </Method>
          </Methods>
        </Class>
        <Class>
          <Summary numSequencePoints="1" visitedSequencePoints="1" numBranchPoints="1" visitedBranchPoints="1" sequenceCoverage="100" branchCoverage="100" maxCyclomaticComplexity="1" minCyclomaticComplexity="1" visitedClasses="1" numClasses="1" visitedMethods="1" numMethods="1" />
          <FullName>ProjectManager.Test.ProjectControllerTest/&lt;&gt;c__DisplayClass7_0</FullName>
          <Methods>
            <Method visited="true" cyclomaticComplexity="1" nPathComplexity="0" sequenceCoverage="0" branchCoverage="0" isConstructor="true" isStatic="false" isGetter="false" isSetter="false">
              <Summary numSequencePoints="0" visitedSequencePoints="0" numBranchPoints="0" visitedBranchPoints="0" sequenceCoverage="0" branchCoverage="0" maxCyclomaticComplexity="1" minCyclomaticComplexity="1" visitedClasses="0" numClasses="0" visitedMethods="0" numMethods="0" />
              <MetadataToken>100663381</MetadataToken>
              <Name>System.Void ProjectManager.Test.ProjectControllerTest/&lt;&gt;c__DisplayClass7_0::.ctor()</Name>
              <SequencePoints />
              <BranchPoints />
              <MethodPoint vc="1" uspid="222" ordinal="0" offset="0" />
            </Method>
            <Method visited="true" cyclomaticComplexity="1" nPathComplexity="0" sequenceCoverage="100" branchCoverage="100" isConstructor="false" isStatic="false" isGetter="false" isSetter="false">
              <Summary numSequencePoints="1" visitedSequencePoints="1" numBranchPoints="1" visitedBranchPoints="1" sequenceCoverage="100" branchCoverage="100" maxCyclomaticComplexity="1" minCyclomaticComplexity="1" visitedClasses="0" numClasses="0" visitedMethods="1" numMethods="1" />
              <MetadataToken>100663382</MetadataToken>
              <Name>System.Void ProjectManager.Test.ProjectControllerTest/&lt;&gt;c__DisplayClass7_0::&lt;TestInsertProject_NegativeProjectIdInUser&gt;b__0()</Name>
              <FileRef uid="1" />
              <SequencePoints>
                <SequencePoint vc="1" uspid="223" ordinal="0" offset="0" sl="308" sc="63" el="308" ec="107" bec="0" bev="0" fileid="1" />
              </SequencePoints>
              <BranchPoints />
              <MethodPoint xsi:type="SequencePoint" vc="1" uspid="223" ordinal="0" offset="0" sl="308" sc="63" el="308" ec="107" bec="0" bev="0" fileid="1" />
            </Method>
          </Methods>
        </Class>
        <Class>
          <Summary numSequencePoints="1" visitedSequencePoints="1" numBranchPoints="1" visitedBranchPoints="1" sequenceCoverage="100" branchCoverage="100" maxCyclomaticComplexity="1" minCyclomaticComplexity="1" visitedClasses="1" numClasses="1" visitedMethods="1" numMethods="1" />
          <FullName>ProjectManager.Test.ProjectControllerTest/&lt;&gt;c__DisplayClass8_0</FullName>
          <Methods>
            <Method visited="true" cyclomaticComplexity="1" nPathComplexity="0" sequenceCoverage="0" branchCoverage="0" isConstructor="true" isStatic="false" isGetter="false" isSetter="false">
              <Summary numSequencePoints="0" visitedSequencePoints="0" numBranchPoints="0" visitedBranchPoints="0" sequenceCoverage="0" branchCoverage="0" maxCyclomaticComplexity="1" minCyclomaticComplexity="1" visitedClasses="0" numClasses="0" visitedMethods="0" numMethods="0" />
              <MetadataToken>100663383</MetadataToken>
              <Name>System.Void ProjectManager.Test.ProjectControllerTest/&lt;&gt;c__DisplayClass8_0::.ctor()</Name>
              <SequencePoints />
              <BranchPoints />
              <MethodPoint vc="1" uspid="224" ordinal="0" offset="0" />
            </Method>
            <Method visited="true" cyclomaticComplexity="1" nPathComplexity="0" sequenceCoverage="100" branchCoverage="100" isConstructor="false" isStatic="false" isGetter="false" isSetter="false">
              <Summary numSequencePoints="1" visitedSequencePoints="1" numBranchPoints="1" visitedBranchPoints="1" sequenceCoverage="100" branchCoverage="100" maxCyclomaticComplexity="1" minCyclomaticComplexity="1" visitedClasses="0" numClasses="0" visitedMethods="1" numMethods="1" />
              <MetadataToken>100663384</MetadataToken>
              <Name>System.Void ProjectManager.Test.ProjectControllerTest/&lt;&gt;c__DisplayClass8_0::&lt;TestInsertProject_CompletedTasksGreater&gt;b__0()</Name>
              <FileRef uid="1" />
              <SequencePoints>
                <SequencePoint vc="1" uspid="225" ordinal="0" offset="0" sl="346" sc="61" el="346" ec="105" bec="0" bev="0" fileid="1" />
              </SequencePoints>
              <BranchPoints />
              <MethodPoint xsi:type="SequencePoint" vc="1" uspid="225" ordinal="0" offset="0" sl="346" sc="61" el="346" ec="105" bec="0" bev="0" fileid="1" />
            </Method>
          </Methods>
        </Class>
        <Class>
          <Summary numSequencePoints="1" visitedSequencePoints="1" numBranchPoints="1" visitedBranchPoints="1" sequenceCoverage="100" branchCoverage="100" maxCyclomaticComplexity="1" minCyclomaticComplexity="1" visitedClasses="1" numClasses="1" visitedMethods="1" numMethods="1" />
          <FullName>ProjectManager.Test.ProjectControllerTest/&lt;&gt;c__DisplayClass9_0</FullName>
          <Methods>
            <Method visited="true" cyclomaticComplexity="1" nPathComplexity="0" sequenceCoverage="0" branchCoverage="0" isConstructor="true" isStatic="false" isGetter="false" isSetter="false">
              <Summary numSequencePoints="0" visitedSequencePoints="0" numBranchPoints="0" visitedBranchPoints="0" sequenceCoverage="0" branchCoverage="0" maxCyclomaticComplexity="1" minCyclomaticComplexity="1" visitedClasses="0" numClasses="0" visitedMethods="0" numMethods="0" />
              <MetadataToken>100663385</MetadataToken>
              <Name>System.Void ProjectManager.Test.ProjectControllerTest/&lt;&gt;c__DisplayClass9_0::.ctor()</Name>
              <SequencePoints />
              <BranchPoints />
              <MethodPoint vc="1" uspid="226" ordinal="0" offset="0" />
            </Method>
            <Method visited="true" cyclomaticComplexity="1" nPathComplexity="0" sequenceCoverage="100" branchCoverage="100" isConstructor="false" isStatic="false" isGetter="false" isSetter="false">
              <Summary numSequencePoints="1" visitedSequencePoints="1" numBranchPoints="1" visitedBranchPoints="1" sequenceCoverage="100" branchCoverage="100" maxCyclomaticComplexity="1" minCyclomaticComplexity="1" visitedClasses="0" numClasses="0" visitedMethods="1" numMethods="1" />
              <MetadataToken>100663386</MetadataToken>
              <Name>System.Void ProjectManager.Test.ProjectControllerTest/&lt;&gt;c__DisplayClass9_0::&lt;TestUpdateProject_NoProjectAsParameter&gt;b__0()</Name>
              <FileRef uid="1" />
              <SequencePoints>
                <SequencePoint vc="1" uspid="227" ordinal="0" offset="0" sl="367" sc="65" el="367" ec="109" bec="0" bev="0" fileid="1" />
              </SequencePoints>
              <BranchPoints />
              <MethodPoint xsi:type="SequencePoint" vc="1" uspid="227" ordinal="0" offset="0" sl="367" sc="65" el="367" ec="109" bec="0" bev="0" fileid="1" />
            </Method>
          </Methods>
        </Class>
        <Class>
          <Summary numSequencePoints="1" visitedSequencePoints="1" numBranchPoints="1" visitedBranchPoints="1" sequenceCoverage="100" branchCoverage="100" maxCyclomaticComplexity="1" minCyclomaticComplexity="1" visitedClasses="1" numClasses="1" visitedMethods="1" numMethods="1" />
          <FullName>ProjectManager.Test.ProjectControllerTest/&lt;&gt;c__DisplayClass10_0</FullName>
          <Methods>
            <Method visited="true" cyclomaticComplexity="1" nPathComplexity="0" sequenceCoverage="0" branchCoverage="0" isConstructor="true" isStatic="false" isGetter="false" isSetter="false">
              <Summary numSequencePoints="0" visitedSequencePoints="0" numBranchPoints="0" visitedBranchPoints="0" sequenceCoverage="0" branchCoverage="0" maxCyclomaticComplexity="1" minCyclomaticComplexity="1" visitedClasses="0" numClasses="0" visitedMethods="0" numMethods="0" />
              <MetadataToken>100663387</MetadataToken>
              <Name>System.Void ProjectManager.Test.ProjectControllerTest/&lt;&gt;c__DisplayClass10_0::.ctor()</Name>
              <SequencePoints />
              <BranchPoints />
              <MethodPoint vc="1" uspid="228" ordinal="0" offset="0" />
            </Method>
            <Method visited="true" cyclomaticComplexity="1" nPathComplexity="0" sequenceCoverage="100" branchCoverage="100" isConstructor="false" isStatic="false" isGetter="false" isSetter="false">
              <Summary numSequencePoints="1" visitedSequencePoints="1" numBranchPoints="1" visitedBranchPoints="1" sequenceCoverage="100" branchCoverage="100" maxCyclomaticComplexity="1" minCyclomaticComplexity="1" visitedClasses="0" numClasses="0" visitedMethods="1" numMethods="1" />
              <MetadataToken>100663388</MetadataToken>
              <Name>System.Void ProjectManager.Test.ProjectControllerTest/&lt;&gt;c__DisplayClass10_0::&lt;TestUpdateProject_NegativeProjectId&gt;b__0()</Name>
              <FileRef uid="1" />
              <SequencePoints>
                <SequencePoint vc="1" uspid="229" ordinal="0" offset="0" sl="405" sc="63" el="405" ec="107" bec="0" bev="0" fileid="1" />
              </SequencePoints>
              <BranchPoints />
              <MethodPoint xsi:type="SequencePoint" vc="1" uspid="229" ordinal="0" offset="0" sl="405" sc="63" el="405" ec="107" bec="0" bev="0" fileid="1" />
            </Method>
          </Methods>
        </Class>
        <Class>
          <Summary numSequencePoints="1" visitedSequencePoints="1" numBranchPoints="1" visitedBranchPoints="1" sequenceCoverage="100" branchCoverage="100" maxCyclomaticComplexity="1" minCyclomaticComplexity="1" visitedClasses="1" numClasses="1" visitedMethods="1" numMethods="1" />
          <FullName>ProjectManager.Test.ProjectControllerTest/&lt;&gt;c__DisplayClass11_0</FullName>
          <Methods>
            <Method visited="true" cyclomaticComplexity="1" nPathComplexity="0" sequenceCoverage="0" branchCoverage="0" isConstructor="true" isStatic="false" isGetter="false" isSetter="false">
              <Summary numSequencePoints="0" visitedSequencePoints="0" numBranchPoints="0" visitedBranchPoints="0" sequenceCoverage="0" branchCoverage="0" maxCyclomaticComplexity="1" minCyclomaticComplexity="1" visitedClasses="0" numClasses="0" visitedMethods="0" numMethods="0" />
              <MetadataToken>100663389</MetadataToken>
              <Name>System.Void ProjectManager.Test.ProjectControllerTest/&lt;&gt;c__DisplayClass11_0::.ctor()</Name>
              <SequencePoints />
              <BranchPoints />
              <MethodPoint vc="1" uspid="230" ordinal="0" offset="0" />
            </Method>
            <Method visited="true" cyclomaticComplexity="1" nPathComplexity="0" sequenceCoverage="100" branchCoverage="100" isConstructor="false" isStatic="false" isGetter="false" isSetter="false">
              <Summary numSequencePoints="1" visitedSequencePoints="1" numBranchPoints="1" visitedBranchPoints="1" sequenceCoverage="100" branchCoverage="100" maxCyclomaticComplexity="1" minCyclomaticComplexity="1" visitedClasses="0" numClasses="0" visitedMethods="1" numMethods="1" />
              <MetadataToken>100663390</MetadataToken>
              <Name>System.Void ProjectManager.Test.ProjectControllerTest/&lt;&gt;c__DisplayClass11_0::&lt;TestUpdateProject_UserNullInProject&gt;b__0()</Name>
              <FileRef uid="1" />
              <SequencePoints>
                <SequencePoint vc="1" uspid="231" ordinal="0" offset="0" sl="436" sc="65" el="436" ec="109" bec="0" bev="0" fileid="1" />
              </SequencePoints>
              <BranchPoints />
              <MethodPoint xsi:type="SequencePoint" vc="1" uspid="231" ordinal="0" offset="0" sl="436" sc="65" el="436" ec="109" bec="0" bev="0" fileid="1" />
            </Method>
          </Methods>
        </Class>
        <Class>
          <Summary numSequencePoints="1" visitedSequencePoints="1" numBranchPoints="1" visitedBranchPoints="1" sequenceCoverage="100" branchCoverage="100" maxCyclomaticComplexity="1" minCyclomaticComplexity="1" visitedClasses="1" numClasses="1" visitedMethods="1" numMethods="1" />
          <FullName>ProjectManager.Test.ProjectControllerTest/&lt;&gt;c__DisplayClass12_0</FullName>
          <Methods>
            <Method visited="true" cyclomaticComplexity="1" nPathComplexity="0" sequenceCoverage="0" branchCoverage="0" isConstructor="true" isStatic="false" isGetter="false" isSetter="false">
              <Summary numSequencePoints="0" visitedSequencePoints="0" numBranchPoints="0" visitedBranchPoints="0" sequenceCoverage="0" branchCoverage="0" maxCyclomaticComplexity="1" minCyclomaticComplexity="1" visitedClasses="0" numClasses="0" visitedMethods="0" numMethods="0" />
              <MetadataToken>100663391</MetadataToken>
              <Name>System.Void ProjectManager.Test.ProjectControllerTest/&lt;&gt;c__DisplayClass12_0::.ctor()</Name>
              <SequencePoints />
              <BranchPoints />
              <MethodPoint vc="1" uspid="232" ordinal="0" offset="0" />
            </Method>
            <Method visited="true" cyclomaticComplexity="1" nPathComplexity="0" sequenceCoverage="100" branchCoverage="100" isConstructor="false" isStatic="false" isGetter="false" isSetter="false">
              <Summary numSequencePoints="1" visitedSequencePoints="1" numBranchPoints="1" visitedBranchPoints="1" sequenceCoverage="100" branchCoverage="100" maxCyclomaticComplexity="1" minCyclomaticComplexity="1" visitedClasses="0" numClasses="0" visitedMethods="1" numMethods="1" />
              <MetadataToken>100663392</MetadataToken>
              <Name>System.Void ProjectManager.Test.ProjectControllerTest/&lt;&gt;c__DisplayClass12_0::&lt;TestUpdateProject_NegativeProjectIdInUser&gt;b__0()</Name>
              <FileRef uid="1" />
              <SequencePoints>
                <SequencePoint vc="1" uspid="233" ordinal="0" offset="0" sl="474" sc="63" el="474" ec="107" bec="0" bev="0" fileid="1" />
              </SequencePoints>
              <BranchPoints />
              <MethodPoint xsi:type="SequencePoint" vc="1" uspid="233" ordinal="0" offset="0" sl="474" sc="63" el="474" ec="107" bec="0" bev="0" fileid="1" />
            </Method>
          </Methods>
        </Class>
        <Class>
          <Summary numSequencePoints="1" visitedSequencePoints="1" numBranchPoints="1" visitedBranchPoints="1" sequenceCoverage="100" branchCoverage="100" maxCyclomaticComplexity="1" minCyclomaticComplexity="1" visitedClasses="1" numClasses="1" visitedMethods="1" numMethods="1" />
          <FullName>ProjectManager.Test.ProjectControllerTest/&lt;&gt;c__DisplayClass13_0</FullName>
          <Methods>
            <Method visited="true" cyclomaticComplexity="1" nPathComplexity="0" sequenceCoverage="0" branchCoverage="0" isConstructor="true" isStatic="false" isGetter="false" isSetter="false">
[...]
              <FileRef uid="110" />
              <SequencePoints>
                <SequencePoint vc="1" uspid="1368" ordinal="0" offset="0" sl="46" sc="9" el="46" ec="10" bec="0" bev="0" fileid="110" />
                <SequencePoint vc="1" uspid="1369" ordinal="1" offset="1" sl="47" sc="13" el="47" ec="30" bec="0" bev="0" fileid="110" />
                <SequencePoint vc="1" uspid="1370" ordinal="2" offset="8" sl="48" sc="13" el="48" ec="14" bec="0" bev="0" fileid="110" />
                <SequencePoint vc="1" uspid="1371" ordinal="3" offset="9" sl="49" sc="17" el="53" ec="29" bec="0" bev="0" fileid="110" />
                <SequencePoint vc="1" uspid="1372" ordinal="4" offset="194" sl="55" sc="9" el="55" ec="10" bec="0" bev="0" fileid="110" />
              </SequencePoints>
              <BranchPoints />
              <MethodPoint xsi:type="SequencePoint" vc="1" uspid="1368" ordinal="0" offset="0" sl="46" sc="9" el="46" ec="10" bec="0" bev="0" fileid="110" />
            </Method>
            <Method visited="false" cyclomaticComplexity="6" nPathComplexity="8" sequenceCoverage="0" branchCoverage="0" isConstructor="false" isStatic="false" isGetter="false" isSetter="false">
              <Summary numSequencePoints="19" visitedSequencePoints="0" numBranchPoints="7" visitedBranchPoints="0" sequenceCoverage="0" branchCoverage="0" maxCyclomaticComplexity="6" minCyclomaticComplexity="6" visitedClasses="0" numClasses="0" visitedMethods="0" numMethods="1" />
              <MetadataToken>100663462</MetadataToken>
              <Name>System.Int32 ProjectManager.BC.TaskBC::InsertTaskDetails(ProjectManager.Models.Task)</Name>
              <FileRef uid="110" />
              <SequencePoints>
                <SequencePoint vc="0" uspid="1373" ordinal="0" offset="13" sl="59" sc="9" el="59" ec="10" bec="0" bev="0" fileid="110" />
                <SequencePoint vc="0" uspid="1374" ordinal="1" offset="14" sl="60" sc="13" el="60" ec="30" bec="0" bev="0" fileid="110" />
                <SequencePoint vc="0" uspid="1375" ordinal="2" offset="21" sl="61" sc="13" el="61" ec="14" bec="0" bev="0" fileid="110" />
                <SequencePoint vc="0" uspid="1376" ordinal="3" offset="22" sl="63" sc="17" el="63" ec="40" bec="4" bev="0" fileid="110" />
                <SequencePoint vc="0" uspid="1377" ordinal="4" offset="62" sl="64" sc="17" el="64" ec="18" bec="0" bev="0" fileid="110" />
                <SequencePoint vc="0" uspid="1378" ordinal="5" offset="63" sl="65" sc="21" el="69" ec="24" bec="0" bev="0" fileid="110" />
                <SequencePoint vc="0" uspid="1379" ordinal="6" offset="103" sl="70" sc="17" el="70" ec="18" bec="0" bev="0" fileid="110" />
                <SequencePoint vc="0" uspid="1380" ordinal="7" offset="109" sl="72" sc="17" el="72" ec="18" bec="0" bev="0" fileid="110" />
                <SequencePoint vc="0" uspid="1381" ordinal="8" offset="110" sl="73" sc="21" el="82" ec="23" bec="0" bev="0" fileid="110" />
                <SequencePoint vc="0" uspid="1382" ordinal="9" offset="243" sl="83" sc="21" el="83" ec="53" bec="0" bev="0" fileid="110" />
                <SequencePoint vc="0" uspid="1383" ordinal="10" offset="262" sl="84" sc="21" el="84" ec="45" bec="0" bev="0" fileid="110" />
                <SequencePoint vc="0" uspid="1384" ordinal="11" offset="274" sl="86" sc="21" el="88" ec="65" bec="0" bev="0" fileid="110" />
                <SequencePoint vc="0" uspid="1385" ordinal="12" offset="507" sl="90" sc="21" el="90" ec="45" bec="2" bev="0" fileid="110" />
                <SequencePoint vc="0" uspid="1386" ordinal="13" offset="518" sl="91" sc="21" el="91" ec="22" bec="0" bev="0" fileid="110" />
                <SequencePoint vc="0" uspid="1387" ordinal="14" offset="519" sl="92" sc="25" el="92" ec="66" bec="0" bev="0" fileid="110" />
                <SequencePoint vc="0" uspid="1388" ordinal="15" offset="539" sl="93" sc="21" el="93" ec="22" bec="0" bev="0" fileid="110" />
                <SequencePoint vc="0" uspid="1389" ordinal="16" offset="540" sl="94" sc="17" el="94" ec="18" bec="0" bev="0" fileid="110" />
                <SequencePoint vc="0" uspid="1390" ordinal="17" offset="541" sl="95" sc="17" el="95" ec="48" bec="0" bev="0" fileid="110" />
                <SequencePoint vc="0" uspid="1391" ordinal="18" offset="567" sl="97" sc="9" el="97" ec="10" bec="0" bev="0" fileid="110" />
              </SequencePoints>
              <BranchPoints>
                <BranchPoint vc="0" uspid="1392" ordinal="0" offset="46" sl="63" path="0" offsetend="48" fileid="110" />
                <BranchPoint vc="0" uspid="1393" ordinal="1" offset="46" sl="63" path="1" offsetend="51" fileid="110" />
                <BranchPoint vc="0" uspid="1394" ordinal="2" offset="60" sl="63" path="0" offsetend="62" fileid="110" />
                <BranchPoint vc="0" uspid="1395" ordinal="3" offset="60" sl="63" path="1" offsetend="109" fileid="110" />
                <BranchPoint vc="0" uspid="1396" ordinal="4" offset="516" sl="90" path="0" offsetend="518" fileid="110" />
                <BranchPoint vc="0" uspid="1397" ordinal="5" offset="516" sl="90" path="1" offsetend="540" fileid="110" />
              </BranchPoints>
              <MethodPoint vc="0" uspid="1398" ordinal="0" offset="0" />
            </Method>
            <Method visited="true" cyclomaticComplexity="4" nPathComplexity="4" sequenceCoverage="100" branchCoverage="60" isConstructor="false" isStatic="false" isGetter="false" isSetter="false">
              <Summary numSequencePoints="19" visitedSequencePoints="19" numBranchPoints="5" visitedBranchPoints="3" sequenceCoverage="100" branchCoverage="60" maxCyclomaticComplexity="4" minCyclomaticComplexity="4" visitedClasses="0" numClasses="0" visitedMethods="1" numMethods="1" />
              <MetadataToken>100663463</MetadataToken>
              <Name>System.Int32 ProjectManager.BC.TaskBC::UpdateTaskDetails(ProjectManager.Models.Task)</Name>
              <FileRef uid="110" />
              <SequencePoints>
                <SequencePoint vc="1" uspid="1399" ordinal="0" offset="13" sl="100" sc="9" el="100" ec="10" bec="0" bev="0" fileid="110" />
                <SequencePoint vc="1" uspid="1400" ordinal="1" offset="14" sl="101" sc="13" el="101" ec="30" bec="0" bev="0" fileid="110" />
                <SequencePoint vc="1" uspid="1401" ordinal="2" offset="21" sl="102" sc="13" el="102" ec="14" bec="0" bev="0" fileid="110" />
                <SequencePoint vc="1" uspid="1402" ordinal="3" offset="22" sl="103" sc="17" el="105" ec="61" bec="0" bev="0" fileid="110" />
                <SequencePoint vc="1" uspid="1403" ordinal="4" offset="234" sl="107" sc="17" el="107" ec="41" bec="2" bev="1" fileid="110" />
                <SequencePoint vc="1" uspid="1404" ordinal="5" offset="244" sl="108" sc="17" el="108" ec="18" bec="0" bev="0" fileid="110" />
                <SequencePoint vc="1" uspid="1405" ordinal="6" offset="245" sl="109" sc="21" el="109" ec="60" bec="0" bev="0" fileid="110" />
                <SequencePoint vc="1" uspid="1406" ordinal="7" offset="263" sl="110" sc="21" el="110" ec="62" bec="0" bev="0" fileid="110" />
                <SequencePoint vc="1" uspid="1407" ordinal="8" offset="281" sl="111" sc="21" el="111" ec="58" bec="0" bev="0" fileid="110" />
                <SequencePoint vc="1" uspid="1408" ordinal="9" offset="299" sl="112" sc="21" el="112" ec="54" bec="0" bev="0" fileid="110" />
                <SequencePoint vc="1" uspid="1409" ordinal="10" offset="317" sl="113" sc="21" el="113" ec="58" bec="0" bev="0" fileid="110" />
                <SequencePoint vc="1" uspid="1410" ordinal="11" offset="335" sl="115" sc="17" el="115" ec="18" bec="0" bev="0" fileid="110" />
                <SequencePoint vc="1" uspid="1411" ordinal="12" offset="336" sl="116" sc="17" el="118" ec="65" bec="0" bev="0" fileid="110" />
                <SequencePoint vc="1" uspid="1412" ordinal="13" offset="568" sl="120" sc="17" el="120" ec="45" bec="2" bev="1" fileid="110" />
                <SequencePoint vc="1" uspid="1413" ordinal="14" offset="578" sl="121" sc="17" el="121" ec="18" bec="0" bev="0" fileid="110" />
                <SequencePoint vc="1" uspid="1414" ordinal="15" offset="579" sl="122" sc="21" el="122" ec="55" bec="0" bev="0" fileid="110" />
                <SequencePoint vc="1" uspid="1415" ordinal="16" offset="597" sl="123" sc="17" el="123" ec="18" bec="0" bev="0" fileid="110" />
                <SequencePoint vc="1" uspid="1416" ordinal="17" offset="598" sl="124" sc="17" el="124" ec="48" bec="0" bev="0" fileid="110" />
                <SequencePoint vc="1" uspid="1417" ordinal="18" offset="624" sl="127" sc="9" el="127" ec="10" bec="0" bev="0" fileid="110" />
              </SequencePoints>
              <BranchPoints>
                <BranchPoint vc="1" uspid="1418" ordinal="0" offset="242" sl="107" path="0" offsetend="244" fileid="110" />
                <BranchPoint vc="0" uspid="1419" ordinal="1" offset="242" sl="107" path="1" offsetend="336" fileid="110" />
                <BranchPoint vc="1" uspid="1420" ordinal="2" offset="576" sl="120" path="0" offsetend="578" fileid="110" />
                <BranchPoint vc="0" uspid="1421" ordinal="3" offset="576" sl="120" path="1" offsetend="598" fileid="110" />
              </BranchPoints>
              <MethodPoint vc="1" uspid="1422" ordinal="0" offset="0" />
            </Method>
            <Method visited="true" cyclomaticComplexity="3" nPathComplexity="2" sequenceCoverage="100" branchCoverage="66.67" isConstructor="false" isStatic="false" isGetter="false" isSetter="false">
              <Summary numSequencePoints="10" visitedSequencePoints="10" numBranchPoints="3" visitedBranchPoints="2" sequenceCoverage="100" branchCoverage="66.67" maxCyclomaticComplexity="3" minCyclomaticComplexity="3" visitedClasses="0" numClasses="0" visitedMethods="1" numMethods="1" />
              <MetadataToken>100663464</MetadataToken>
              <Name>System.Int32 ProjectManager.BC.TaskBC::DeleteTaskDetails(ProjectManager.Models.Task)</Name>
              <FileRef uid="110" />
              <SequencePoints>
                <SequencePoint vc="1" uspid="1423" ordinal="0" offset="13" sl="130" sc="9" el="130" ec="10" bec="0" bev="0" fileid="110" />
                <SequencePoint vc="1" uspid="1424" ordinal="1" offset="14" sl="131" sc="13" el="131" ec="30" bec="0" bev="0" fileid="110" />
                <SequencePoint vc="1" uspid="1425" ordinal="2" offset="21" sl="132" sc="13" el="132" ec="14" bec="0" bev="0" fileid="110" />
                <SequencePoint vc="1" uspid="1426" ordinal="3" offset="22" sl="133" sc="17" el="135" ec="60" bec="0" bev="0" fileid="110" />
                <SequencePoint vc="1" uspid="1427" ordinal="4" offset="231" sl="137" sc="17" el="137" ec="40" bec="2" bev="1" fileid="110" />
                <SequencePoint vc="1" uspid="1428" ordinal="5" offset="241" sl="138" sc="17" el="138" ec="18" bec="0" bev="0" fileid="110" />
                <SequencePoint vc="1" uspid="1429" ordinal="6" offset="242" sl="139" sc="21" el="139" ec="43" bec="0" bev="0" fileid="110" />
                <SequencePoint vc="1" uspid="1430" ordinal="7" offset="250" sl="140" sc="17" el="140" ec="18" bec="0" bev="0" fileid="110" />
                <SequencePoint vc="1" uspid="1431" ordinal="8" offset="251" sl="141" sc="17" el="141" ec="48" bec="0" bev="0" fileid="110" />
                <SequencePoint vc="1" uspid="1432" ordinal="9" offset="277" sl="144" sc="9" el="144" ec="10" bec="0" bev="0" fileid="110" />
              </SequencePoints>
              <BranchPoints>
                <BranchPoint vc="1" uspid="1433" ordinal="0" offset="239" sl="137" path="0" offsetend="241" fileid="110" />
                <BranchPoint vc="0" uspid="1434" ordinal="1" offset="239" sl="137" path="1" offsetend="251" fileid="110" />
              </BranchPoints>
              <MethodPoint vc="1" uspid="1435" ordinal="0" offset="0" />
            </Method>
          </Methods>
        </Class>
        <Class>
          <Summary numSequencePoints="0" visitedSequencePoints="0" numBranchPoints="0" visitedBranchPoints="0" sequenceCoverage="0" branchCoverage="0" maxCyclomaticComplexity="1" minCyclomaticComplexity="1" visitedClasses="0" numClasses="0" visitedMethods="0" numMethods="0" />
          <FullName>ProjectManager.BC.TaskBC/&lt;&gt;c__DisplayClass3_0</FullName>
          <Methods>
            <Method visited="true" cyclomaticComplexity="1" nPathComplexity="0" sequenceCoverage="0" branchCoverage="0" isConstructor="true" isStatic="false" isGetter="false" isSetter="false">
              <Summary numSequencePoints="0" visitedSequencePoints="0" numBranchPoints="0" visitedBranchPoints="0" sequenceCoverage="0" branchCoverage="0" maxCyclomaticComplexity="1" minCyclomaticComplexity="1" visitedClasses="0" numClasses="0" visitedMethods="0" numMethods="0" />
              <MetadataToken>100663477</MetadataToken>
              <Name>System.Void ProjectManager.BC.TaskBC/&lt;&gt;c__DisplayClass3_0::.ctor()</Name>
              <SequencePoints />
              <BranchPoints />
              <MethodPoint vc="2" uspid="1436" ordinal="0" offset="0" />
            </Method>
          </Methods>
        </Class>
        <Class>
          <Summary numSequencePoints="0" visitedSequencePoints="0" numBranchPoints="0" visitedBranchPoints="0" sequenceCoverage="0" branchCoverage="0" maxCyclomaticComplexity="1" minCyclomaticComplexity="1" visitedClasses="0" numClasses="0" visitedMethods="0" numMethods="0" />
          <FullName>ProjectManager.BC.TaskBC/&lt;&gt;c__DisplayClass5_0</FullName>
          <Methods>
            <Method visited="false" cyclomaticComplexity="1" nPathComplexity="0" sequenceCoverage="0" branchCoverage="0" isConstructor="true" isStatic="false" isGetter="false" isSetter="false">
              <Summary numSequencePoints="0" visitedSequencePoints="0" numBranchPoints="0" visitedBranchPoints="0" sequenceCoverage="0" branchCoverage="0" maxCyclomaticComplexity="1" minCyclomaticComplexity="1" visitedClasses="0" numClasses="0" visitedMethods="0" numMethods="0" />
              <MetadataToken>100663478</MetadataToken>
              <Name>System.Void ProjectManager.BC.TaskBC/&lt;&gt;c__DisplayClass5_0::.ctor()</Name>
              <SequencePoints />
              <BranchPoints />
              <MethodPoint vc="0" uspid="1437" ordinal="0" offset="0" />
            </Method>
          </Methods>
        </Class>
        <Class>
          <Summary numSequencePoints="0" visitedSequencePoints="0" numBranchPoints="0" visitedBranchPoints="0" sequenceCoverage="0" branchCoverage="0" maxCyclomaticComplexity="1" minCyclomaticComplexity="1" visitedClasses="0" numClasses="0" visitedMethods="0" numMethods="0" />
          <FullName>ProjectManager.BC.TaskBC/&lt;&gt;c__DisplayClass6_0</FullName>
          <Methods>
            <Method visited="true" cyclomaticComplexity="1" nPathComplexity="0" sequenceCoverage="0" branchCoverage="0" isConstructor="true" isStatic="false" isGetter="false" isSetter="false">
              <Summary numSequencePoints="0" visitedSequencePoints="0" numBranchPoints="0" visitedBranchPoints="0" sequenceCoverage="0" branchCoverage="0" maxCyclomaticComplexity="1" minCyclomaticComplexity="1" visitedClasses="0" numClasses="0" visitedMethods="0" numMethods="0" />
              <MetadataToken>100663479</MetadataToken>
              <Name>System.Void ProjectManager.BC.TaskBC/&lt;&gt;c__DisplayClass6_0::.ctor()</Name>
              <SequencePoints />
              <BranchPoints />
              <MethodPoint vc="1" uspid="1438" ordinal="0" offset="0" />
            </Method>
          </Methods>
        </Class>
        <Class>
          <Summary numSequencePoints="0" visitedSequencePoints="0" numBranchPoints="0" visitedBranchPoints="0" sequenceCoverage="0" branchCoverage="0" maxCyclomaticComplexity="1" minCyclomaticComplexity="1" visitedClasses="0" numClasses="0" visitedMethods="0" numMethods="0" />
          <FullName>ProjectManager.BC.TaskBC/&lt;&gt;c__DisplayClass7_0</FullName>
          <Methods>
            <Method visited="true" cyclomaticComplexity="1" nPathComplexity="0" sequenceCoverage="0" branchCoverage="0" isConstructor="true" isStatic="false" isGetter="false" isSetter="false">
              <Summary numSequencePoints="0" visitedSequencePoints="0" numBranchPoints="0" visitedBranchPoints="0" sequenceCoverage="0" branchCoverage="0" maxCyclomaticComplexity="1" minCyclomaticComplexity="1" visitedClasses="0" numClasses="0" visitedMethods="0" numMethods="0" />
              <MetadataToken>100663480</MetadataToken>
              <Name>System.Void ProjectManager.BC.TaskBC/&lt;&gt;c__DisplayClass7_0::.ctor()</Name>
              <SequencePoints />
              <BranchPoints />
              <MethodPoint vc="1" uspid="1439" ordinal="0" offset="0" />
            </Method>
          </Methods>
        </Class>
        <Class skippedDueTo="Filter">
          <FullName>ProjectManager.ActionFilters.ProjectManagerExceptionFilter</FullName>
          <Methods />
        </Class>
        <Class skippedDueTo="Filter">
          <FullName>ProjectManager.ActionFilters.ProjectManagerLogFilter</FullName>
          <Methods />
        </Class>
      </Classes>
    </Module>
    <Module skippedDueTo="Filter" hash="F7-E9-75-D6-35-98-70-4A-0F-45-76-1B-B3-83-70-38-5E-DF-02-47">
      <ModulePath>C:\Windows\Microsoft.Net\assembly\GAC_MSIL\System.Xml\v4.0_4.0.0.0__b77a5c561934e089\System.Xml.dll</ModulePath>
      <ModuleTime>2018-09-24T13:34:29.0792401Z</ModuleTime>
      <ModuleName>System.Xml</ModuleName>
      <Classes />
    </Module>
    <Module skippedDueTo="Filter" hash="8A-C7-A4-D1-73-67-EF-40-FA-1E-E8-2B-66-F2-0B-AB-DC-B0-46-99">
      <ModulePath>C:\Users\Administrator\Desktop\Final\FSE_SBA_ProjectManager\SourceCode\server\ProjectManager\ProjectManager.Tests\bin\Debug\System.Web.Http.dll</ModulePath>
      <ModuleTime>2019-05-15T06:16:54Z</ModuleTime>
      <ModuleName>System.Web.Http</ModuleName>
      <Classes />
    </Module>
    <Module skippedDueTo="Filter" hash="9C-DB-95-DC-25-D5-38-7E-C2-3A-20-8F-14-5D-A9-56-2A-D7-00-E3">
      <ModulePath>C:\Windows\Microsoft.Net\assembly\GAC_MSIL\System.Configuration\v4.0_4.0.0.0__b03f5f7f11d50a3a\System.Configuration.dll</ModulePath>
      <ModuleTime>2018-09-24T13:34:28.5011164Z</ModuleTime>
      <ModuleName>System.Configuration</ModuleName>
      <Classes />
    </Module>
    <Module skippedDueTo="Filter" hash="8E-31-7E-A0-09-4A-19-0E-70-44-6D-0D-D0-70-DF-DB-DB-AD-E7-E3">
      <ModulePath>C:\Windows\Microsoft.Net\assembly\GAC_64\System.Data\v4.0_4.0.0.0__b77a5c561934e089\System.Data.dll</ModulePath>
      <ModuleTime>2018-09-24T13:34:28.2667401Z</ModuleTime>
      <ModuleName>System.Data</ModuleName>
      <Classes />
    </Module>
    <Module skippedDueTo="MissingPdb" hash="9D-8C-F0-38-93-AA-F9-80-7F-99-3F-48-55-49-21-AF-A0-81-85-9F">
      <ModulePath>C:\Users\Administrator\Desktop\Final\FSE_SBA_ProjectManager\SourceCode\server\ProjectManager\ProjectManager.Tests\bin\Debug\EntityFramework.SqlServer.dll</ModulePath>
      <ModuleTime>2019-05-15T06:16:54Z</ModuleTime>
      <ModuleName>EntityFramework.SqlServer</ModuleName>
      <Classes />
    </Module>
    <Module skippedDueTo="MissingPdb" hash="">
      <ModulePath>RefEmit_InMemoryManifestModule</ModulePath>
      <ModuleTime>0001-01-01T00:00:00</ModuleTime>
      <ModuleName>Anonymously Hosted DynamicMethods Assembly</ModuleName>
      <Classes />
    </Module>
    <Module skippedDueTo="Filter" hash="E7-1A-67-23-94-8C-50-55-9D-7E-AA-D5-B6-55-A7-09-01-B6-AE-9C">
      <ModulePath>C:\Windows\Microsoft.Net\assembly\GAC_64\System.Transactions\v4.0_4.0.0.0__b77a5c561934e089\System.Transactions.dll</ModulePath>
      <ModuleTime>2018-09-24T13:34:28.5636149Z</ModuleTime>
      <ModuleName>System.Transactions</ModuleName>
      <Classes />
    </Module>
  </Modules>
</CoverageSession>